[0.415s] Invoking command in '/home/xk/study/mine_slam/src/mine_aplication': DEBUGINFOD_URLS=https://debuginfod.ubuntu.com PYTHONPATH=/home/xk/study/mine_slam/src/build/mine_aplication/prefix_override:/usr/lib/python3/dist-packages/colcon_core/task/python/colcon_distutils_commands:/home/xk/study/mine_slam/src/install/mine_aplication/lib/python3.10/site-packages:${PYTHONPATH} /usr/bin/python3 -W ignore:setup.py install is deprecated -W ignore:easy_install command is deprecated setup.py egg_info --egg-base ../build/mine_aplication build --build-base /home/xk/study/mine_slam/src/build/mine_aplication/build install --record /home/xk/study/mine_slam/src/build/mine_aplication/install.log --single-version-externally-managed install_data
[0.538s] running egg_info
[0.538s] creating ../build/mine_aplication/mine_aplication.egg-info
[0.538s] writing ../build/mine_aplication/mine_aplication.egg-info/PKG-INFO
[0.538s] writing dependency_links to ../build/mine_aplication/mine_aplication.egg-info/dependency_links.txt
[0.538s] writing entry points to ../build/mine_aplication/mine_aplication.egg-info/entry_points.txt
[0.538s] writing requirements to ../build/mine_aplication/mine_aplication.egg-info/requires.txt
[0.538s] writing top-level names to ../build/mine_aplication/mine_aplication.egg-info/top_level.txt
[0.538s] writing manifest file '../build/mine_aplication/mine_aplication.egg-info/SOURCES.txt'
[0.539s] reading manifest file '../build/mine_aplication/mine_aplication.egg-info/SOURCES.txt'
[0.540s] writing manifest file '../build/mine_aplication/mine_aplication.egg-info/SOURCES.txt'
[0.540s] running build
[0.540s] running build_py
[0.540s] creating /home/xk/study/mine_slam/src/build/mine_aplication/build
[0.540s] creating /home/xk/study/mine_slam/src/build/mine_aplication/build/lib
[0.540s] creating /home/xk/study/mine_slam/src/build/mine_aplication/build/lib/mine_aplication
[0.540s] copying mine_aplication/__init__.py -> /home/xk/study/mine_slam/src/build/mine_aplication/build/lib/mine_aplication
[0.540s] copying mine_aplication/init_robot_pose.py -> /home/xk/study/mine_slam/src/build/mine_aplication/build/lib/mine_aplication
[0.540s] copying mine_aplication/get_robot_pose.py -> /home/xk/study/mine_slam/src/build/mine_aplication/build/lib/mine_aplication
[0.540s] copying mine_aplication/nav_to_pose.py -> /home/xk/study/mine_slam/src/build/mine_aplication/build/lib/mine_aplication
[0.540s] running install
[0.540s] running install_lib
[0.541s] creating /home/xk/study/mine_slam/src/install/mine_aplication/lib/python3.10/site-packages/mine_aplication
[0.541s] copying /home/xk/study/mine_slam/src/build/mine_aplication/build/lib/mine_aplication/__init__.py -> /home/xk/study/mine_slam/src/install/mine_aplication/lib/python3.10/site-packages/mine_aplication
[0.541s] copying /home/xk/study/mine_slam/src/build/mine_aplication/build/lib/mine_aplication/init_robot_pose.py -> /home/xk/study/mine_slam/src/install/mine_aplication/lib/python3.10/site-packages/mine_aplication
[0.541s] copying /home/xk/study/mine_slam/src/build/mine_aplication/build/lib/mine_aplication/get_robot_pose.py -> /home/xk/study/mine_slam/src/install/mine_aplication/lib/python3.10/site-packages/mine_aplication
[0.541s] copying /home/xk/study/mine_slam/src/build/mine_aplication/build/lib/mine_aplication/nav_to_pose.py -> /home/xk/study/mine_slam/src/install/mine_aplication/lib/python3.10/site-packages/mine_aplication
[0.541s] byte-compiling /home/xk/study/mine_slam/src/install/mine_aplication/lib/python3.10/site-packages/mine_aplication/__init__.py to __init__.cpython-310.pyc
[0.541s] byte-compiling /home/xk/study/mine_slam/src/install/mine_aplication/lib/python3.10/site-packages/mine_aplication/init_robot_pose.py to init_robot_pose.cpython-310.pyc
[0.541s] byte-compiling /home/xk/study/mine_slam/src/install/mine_aplication/lib/python3.10/site-packages/mine_aplication/get_robot_pose.py to get_robot_pose.cpython-310.pyc
[0.542s] byte-compiling /home/xk/study/mine_slam/src/install/mine_aplication/lib/python3.10/site-packages/mine_aplication/nav_to_pose.py to nav_to_pose.cpython-310.pyc
[0.542s] running install_data
[0.543s] creating /home/xk/study/mine_slam/src/install/mine_aplication/share/ament_index
[0.543s] creating /home/xk/study/mine_slam/src/install/mine_aplication/share/ament_index/resource_index
[0.543s] creating /home/xk/study/mine_slam/src/install/mine_aplication/share/ament_index/resource_index/packages
[0.543s] copying resource/mine_aplication -> /home/xk/study/mine_slam/src/install/mine_aplication/share/ament_index/resource_index/packages
[0.543s] copying package.xml -> /home/xk/study/mine_slam/src/install/mine_aplication/share/mine_aplication
[0.543s] running install_egg_info
[0.544s] Copying ../build/mine_aplication/mine_aplication.egg-info to /home/xk/study/mine_slam/src/install/mine_aplication/lib/python3.10/site-packages/mine_aplication-0.0.0-py3.10.egg-info
[0.544s] running install_scripts
[0.555s] Installing get_robot_pose script to /home/xk/study/mine_slam/src/install/mine_aplication/lib/mine_aplication
[0.556s] Installing init_robot_pose script to /home/xk/study/mine_slam/src/install/mine_aplication/lib/mine_aplication
[0.556s] Installing nav_to_pose script to /home/xk/study/mine_slam/src/install/mine_aplication/lib/mine_aplication
[0.556s] writing list of installed files to '/home/xk/study/mine_slam/src/build/mine_aplication/install.log'
[0.569s] Invoked command in '/home/xk/study/mine_slam/src/mine_aplication' returned '0': DEBUGINFOD_URLS=https://debuginfod.ubuntu.com PYTHONPATH=/home/xk/study/mine_slam/src/build/mine_aplication/prefix_override:/usr/lib/python3/dist-packages/colcon_core/task/python/colcon_distutils_commands:/home/xk/study/mine_slam/src/install/mine_aplication/lib/python3.10/site-packages:${PYTHONPATH} /usr/bin/python3 -W ignore:setup.py install is deprecated -W ignore:easy_install command is deprecated setup.py egg_info --egg-base ../build/mine_aplication build --build-base /home/xk/study/mine_slam/src/build/mine_aplication/build install --record /home/xk/study/mine_slam/src/build/mine_aplication/install.log --single-version-externally-managed install_data
