-- The C compiler identification is GNU 11.4.0
-- The CXX compiler identification is GNU 11.4.0
-- Detecting C compiler ABI info
-- Detecting C compiler ABI info - done
-- Check for working C compiler: /usr/bin/cc - skipped
-- Detecting C compile features
-- Detecting C compile features - done
-- Detecting CXX compiler ABI info
-- Detecting CXX compiler ABI info - done
-- Check for working CXX compiler: /usr/bin/c++ - skipped
-- Detecting CXX compile features
-- Detecting CXX compile features - done
-- Found ament_cmake: 1.3.12 (/opt/ros/humble/share/ament_cmake/cmake)
-- Found Python3: /usr/bin/python3 (found version "3.10.12") found components: Interpreter 
-- Found ament_lint_auto: 0.12.14 (/opt/ros/humble/share/ament_lint_auto/cmake)
-- Configuring done
-- Generating done
-- Build files have been written to: /home/xk/study/mine_slam/src/build/mine_turtlebot3_gazebo
-- Install configuration: ""
-- Installing: /home/xk/study/mine_slam/src/install/mine_turtlebot3_gazebo/share/mine_turtlebot3_gazebo//launch
-- Installing: /home/xk/study/mine_slam/src/install/mine_turtlebot3_gazebo/share/mine_turtlebot3_gazebo//launch/spawn_turtlebot3.launch.py
-- Installing: /home/xk/study/mine_slam/src/install/mine_turtlebot3_gazebo/share/mine_turtlebot3_gazebo//launch/robot_state_publisher.launch.py
-- Installing: /home/xk/study/mine_slam/src/install/mine_turtlebot3_gazebo/share/mine_turtlebot3_gazebo//launch/multi_spawn_turtlebot3.launch.py
-- Installing: /home/xk/study/mine_slam/src/install/mine_turtlebot3_gazebo/share/mine_turtlebot3_gazebo//launch/turtlebot3_dqn_stage4.launch.py
-- Installing: /home/xk/study/mine_slam/src/install/mine_turtlebot3_gazebo/share/mine_turtlebot3_gazebo//launch/multi_robot.launch.py
-- Installing: /home/xk/study/mine_slam/src/install/mine_turtlebot3_gazebo/share/mine_turtlebot3_gazebo//launch/turtlebot3_dqn_stage2.launch.py
-- Installing: /home/xk/study/mine_slam/src/install/mine_turtlebot3_gazebo/share/mine_turtlebot3_gazebo//launch/turtlebot3_world.launch.py
-- Installing: /home/xk/study/mine_slam/src/install/mine_turtlebot3_gazebo/share/mine_turtlebot3_gazebo//launch/turtlebot3_dqn_stage3.launch.py
-- Installing: /home/xk/study/mine_slam/src/install/mine_turtlebot3_gazebo/share/mine_turtlebot3_gazebo//launch/turtlebot3_dqn_stage1.launch.py
-- Installing: /home/xk/study/mine_slam/src/install/mine_turtlebot3_gazebo/share/mine_turtlebot3_gazebo//launch/turtlebot3_house.launch.py
-- Installing: /home/xk/study/mine_slam/src/install/mine_turtlebot3_gazebo/share/mine_turtlebot3_gazebo//launch/empty_world.launch.py
-- Installing: /home/xk/study/mine_slam/src/install/mine_turtlebot3_gazebo/share/mine_turtlebot3_gazebo//launch/turtlebot3_autorace_2020.launch.py
-- Installing: /home/xk/study/mine_slam/src/install/mine_turtlebot3_gazebo/share/mine_turtlebot3_gazebo//models
-- Installing: /home/xk/study/mine_slam/src/install/mine_turtlebot3_gazebo/share/mine_turtlebot3_gazebo//models/turtlebot3_waffle
-- Installing: /home/xk/study/mine_slam/src/install/mine_turtlebot3_gazebo/share/mine_turtlebot3_gazebo//models/turtlebot3_waffle/model.config
-- Installing: /home/xk/study/mine_slam/src/install/mine_turtlebot3_gazebo/share/mine_turtlebot3_gazebo//models/turtlebot3_waffle/model-1_4.sdf
-- Installing: /home/xk/study/mine_slam/src/install/mine_turtlebot3_gazebo/share/mine_turtlebot3_gazebo//models/turtlebot3_waffle/model.sdf
-- Installing: /home/xk/study/mine_slam/src/install/mine_turtlebot3_gazebo/share/mine_turtlebot3_gazebo//models/turtlebot3_burger
-- Installing: /home/xk/study/mine_slam/src/install/mine_turtlebot3_gazebo/share/mine_turtlebot3_gazebo//models/turtlebot3_burger/model.config
-- Installing: /home/xk/study/mine_slam/src/install/mine_turtlebot3_gazebo/share/mine_turtlebot3_gazebo//models/turtlebot3_burger/model-1_4.sdf
-- Installing: /home/xk/study/mine_slam/src/install/mine_turtlebot3_gazebo/share/mine_turtlebot3_gazebo//models/turtlebot3_burger/model.sdf
-- Installing: /home/xk/study/mine_slam/src/install/mine_turtlebot3_gazebo/share/mine_turtlebot3_gazebo//models/turtlebot3_burger_cam
-- Installing: /home/xk/study/mine_slam/src/install/mine_turtlebot3_gazebo/share/mine_turtlebot3_gazebo//models/turtlebot3_burger_cam/model.config
-- Installing: /home/xk/study/mine_slam/src/install/mine_turtlebot3_gazebo/share/mine_turtlebot3_gazebo//models/turtlebot3_burger_cam/model-1_4.sdf
-- Installing: /home/xk/study/mine_slam/src/install/mine_turtlebot3_gazebo/share/mine_turtlebot3_gazebo//models/turtlebot3_burger_cam/model.sdf
-- Installing: /home/xk/study/mine_slam/src/install/mine_turtlebot3_gazebo/share/mine_turtlebot3_gazebo//models/turtlebot3_autorace_2020
-- Installing: /home/xk/study/mine_slam/src/install/mine_turtlebot3_gazebo/share/mine_turtlebot3_gazebo//models/turtlebot3_autorace_2020/traffic_noentry
-- Installing: /home/xk/study/mine_slam/src/install/mine_turtlebot3_gazebo/share/mine_turtlebot3_gazebo//models/turtlebot3_autorace_2020/traffic_noentry/model.config
-- Installing: /home/xk/study/mine_slam/src/install/mine_turtlebot3_gazebo/share/mine_turtlebot3_gazebo//models/turtlebot3_autorace_2020/traffic_noentry/materials
-- Installing: /home/xk/study/mine_slam/src/install/mine_turtlebot3_gazebo/share/mine_turtlebot3_gazebo//models/turtlebot3_autorace_2020/traffic_noentry/materials/textures
-- Installing: /home/xk/study/mine_slam/src/install/mine_turtlebot3_gazebo/share/mine_turtlebot3_gazebo//models/turtlebot3_autorace_2020/traffic_noentry/materials/textures/traffic_noentry.png
-- Installing: /home/xk/study/mine_slam/src/install/mine_turtlebot3_gazebo/share/mine_turtlebot3_gazebo//models/turtlebot3_autorace_2020/traffic_noentry/materials/scripts
-- Installing: /home/xk/study/mine_slam/src/install/mine_turtlebot3_gazebo/share/mine_turtlebot3_gazebo//models/turtlebot3_autorace_2020/traffic_noentry/materials/scripts/traffic_noentry.material
-- Installing: /home/xk/study/mine_slam/src/install/mine_turtlebot3_gazebo/share/mine_turtlebot3_gazebo//models/turtlebot3_autorace_2020/traffic_noentry/model.sdf
-- Installing: /home/xk/study/mine_slam/src/install/mine_turtlebot3_gazebo/share/mine_turtlebot3_gazebo//models/turtlebot3_autorace_2020/traffic_right
-- Installing: /home/xk/study/mine_slam/src/install/mine_turtlebot3_gazebo/share/mine_turtlebot3_gazebo//models/turtlebot3_autorace_2020/traffic_right/model.config
-- Installing: /home/xk/study/mine_slam/src/install/mine_turtlebot3_gazebo/share/mine_turtlebot3_gazebo//models/turtlebot3_autorace_2020/traffic_right/materials
-- Installing: /home/xk/study/mine_slam/src/install/mine_turtlebot3_gazebo/share/mine_turtlebot3_gazebo//models/turtlebot3_autorace_2020/traffic_right/materials/textures
-- Installing: /home/xk/study/mine_slam/src/install/mine_turtlebot3_gazebo/share/mine_turtlebot3_gazebo//models/turtlebot3_autorace_2020/traffic_right/materials/textures/traffic_right.png
-- Installing: /home/xk/study/mine_slam/src/install/mine_turtlebot3_gazebo/share/mine_turtlebot3_gazebo//models/turtlebot3_autorace_2020/traffic_right/materials/scripts
-- Installing: /home/xk/study/mine_slam/src/install/mine_turtlebot3_gazebo/share/mine_turtlebot3_gazebo//models/turtlebot3_autorace_2020/traffic_right/materials/scripts/traffic_right.material
-- Installing: /home/xk/study/mine_slam/src/install/mine_turtlebot3_gazebo/share/mine_turtlebot3_gazebo//models/turtlebot3_autorace_2020/traffic_right/model.sdf
-- Installing: /home/xk/study/mine_slam/src/install/mine_turtlebot3_gazebo/share/mine_turtlebot3_gazebo//models/turtlebot3_autorace_2020/traffic_pl_left
-- Installing: /home/xk/study/mine_slam/src/install/mine_turtlebot3_gazebo/share/mine_turtlebot3_gazebo//models/turtlebot3_autorace_2020/traffic_pl_left/model.config
-- Installing: /home/xk/study/mine_slam/src/install/mine_turtlebot3_gazebo/share/mine_turtlebot3_gazebo//models/turtlebot3_autorace_2020/traffic_pl_left/materials
-- Installing: /home/xk/study/mine_slam/src/install/mine_turtlebot3_gazebo/share/mine_turtlebot3_gazebo//models/turtlebot3_autorace_2020/traffic_pl_left/materials/textures
-- Installing: /home/xk/study/mine_slam/src/install/mine_turtlebot3_gazebo/share/mine_turtlebot3_gazebo//models/turtlebot3_autorace_2020/traffic_pl_left/materials/textures/traffic_pl_left.png
-- Installing: /home/xk/study/mine_slam/src/install/mine_turtlebot3_gazebo/share/mine_turtlebot3_gazebo//models/turtlebot3_autorace_2020/traffic_pl_left/materials/scripts
-- Installing: /home/xk/study/mine_slam/src/install/mine_turtlebot3_gazebo/share/mine_turtlebot3_gazebo//models/turtlebot3_autorace_2020/traffic_pl_left/materials/scripts/traffic_pl_left.material
-- Installing: /home/xk/study/mine_slam/src/install/mine_turtlebot3_gazebo/share/mine_turtlebot3_gazebo//models/turtlebot3_autorace_2020/traffic_pl_left/model.sdf
-- Installing: /home/xk/study/mine_slam/src/install/mine_turtlebot3_gazebo/share/mine_turtlebot3_gazebo//models/turtlebot3_autorace_2020/traffic_tunnel
-- Installing: /home/xk/study/mine_slam/src/install/mine_turtlebot3_gazebo/share/mine_turtlebot3_gazebo//models/turtlebot3_autorace_2020/traffic_tunnel/model.config
-- Installing: /home/xk/study/mine_slam/src/install/mine_turtlebot3_gazebo/share/mine_turtlebot3_gazebo//models/turtlebot3_autorace_2020/traffic_tunnel/materials
-- Installing: /home/xk/study/mine_slam/src/install/mine_turtlebot3_gazebo/share/mine_turtlebot3_gazebo//models/turtlebot3_autorace_2020/traffic_tunnel/materials/textures
-- Installing: /home/xk/study/mine_slam/src/install/mine_turtlebot3_gazebo/share/mine_turtlebot3_gazebo//models/turtlebot3_autorace_2020/traffic_tunnel/materials/textures/tunnel.png
-- Installing: /home/xk/study/mine_slam/src/install/mine_turtlebot3_gazebo/share/mine_turtlebot3_gazebo//models/turtlebot3_autorace_2020/traffic_tunnel/materials/scripts
-- Installing: /home/xk/study/mine_slam/src/install/mine_turtlebot3_gazebo/share/mine_turtlebot3_gazebo//models/turtlebot3_autorace_2020/traffic_tunnel/materials/scripts/tunnel.material
-- Installing: /home/xk/study/mine_slam/src/install/mine_turtlebot3_gazebo/share/mine_turtlebot3_gazebo//models/turtlebot3_autorace_2020/traffic_tunnel/model.sdf
-- Installing: /home/xk/study/mine_slam/src/install/mine_turtlebot3_gazebo/share/mine_turtlebot3_gazebo//models/turtlebot3_autorace_2020/traffic_left
-- Installing: /home/xk/study/mine_slam/src/install/mine_turtlebot3_gazebo/share/mine_turtlebot3_gazebo//models/turtlebot3_autorace_2020/traffic_left/model.config
-- Installing: /home/xk/study/mine_slam/src/install/mine_turtlebot3_gazebo/share/mine_turtlebot3_gazebo//models/turtlebot3_autorace_2020/traffic_left/materials
-- Installing: /home/xk/study/mine_slam/src/install/mine_turtlebot3_gazebo/share/mine_turtlebot3_gazebo//models/turtlebot3_autorace_2020/traffic_left/materials/textures
-- Installing: /home/xk/study/mine_slam/src/install/mine_turtlebot3_gazebo/share/mine_turtlebot3_gazebo//models/turtlebot3_autorace_2020/traffic_left/materials/textures/traffic_left.png
-- Installing: /home/xk/study/mine_slam/src/install/mine_turtlebot3_gazebo/share/mine_turtlebot3_gazebo//models/turtlebot3_autorace_2020/traffic_left/materials/scripts
-- Installing: /home/xk/study/mine_slam/src/install/mine_turtlebot3_gazebo/share/mine_turtlebot3_gazebo//models/turtlebot3_autorace_2020/traffic_left/materials/scripts/traffic_is_left.material
-- Installing: /home/xk/study/mine_slam/src/install/mine_turtlebot3_gazebo/share/mine_turtlebot3_gazebo//models/turtlebot3_autorace_2020/traffic_left/model.sdf
-- Installing: /home/xk/study/mine_slam/src/install/mine_turtlebot3_gazebo/share/mine_turtlebot3_gazebo//models/turtlebot3_autorace_2020/traffic_stop
-- Installing: /home/xk/study/mine_slam/src/install/mine_turtlebot3_gazebo/share/mine_turtlebot3_gazebo//models/turtlebot3_autorace_2020/traffic_stop/model.config
-- Installing: /home/xk/study/mine_slam/src/install/mine_turtlebot3_gazebo/share/mine_turtlebot3_gazebo//models/turtlebot3_autorace_2020/traffic_stop/materials
-- Installing: /home/xk/study/mine_slam/src/install/mine_turtlebot3_gazebo/share/mine_turtlebot3_gazebo//models/turtlebot3_autorace_2020/traffic_stop/materials/textures
-- Installing: /home/xk/study/mine_slam/src/install/mine_turtlebot3_gazebo/share/mine_turtlebot3_gazebo//models/turtlebot3_autorace_2020/traffic_stop/materials/textures/traffic_stop.png
-- Installing: /home/xk/study/mine_slam/src/install/mine_turtlebot3_gazebo/share/mine_turtlebot3_gazebo//models/turtlebot3_autorace_2020/traffic_stop/materials/scripts
-- Installing: /home/xk/study/mine_slam/src/install/mine_turtlebot3_gazebo/share/mine_turtlebot3_gazebo//models/turtlebot3_autorace_2020/traffic_stop/materials/scripts/traffic_stop.material
-- Installing: /home/xk/study/mine_slam/src/install/mine_turtlebot3_gazebo/share/mine_turtlebot3_gazebo//models/turtlebot3_autorace_2020/traffic_stop/model.sdf
-- Installing: /home/xk/study/mine_slam/src/install/mine_turtlebot3_gazebo/share/mine_turtlebot3_gazebo//models/turtlebot3_autorace_2020/checker
-- Installing: /home/xk/study/mine_slam/src/install/mine_turtlebot3_gazebo/share/mine_turtlebot3_gazebo//models/turtlebot3_autorace_2020/checker/model.config
-- Installing: /home/xk/study/mine_slam/src/install/mine_turtlebot3_gazebo/share/mine_turtlebot3_gazebo//models/turtlebot3_autorace_2020/checker/materials
-- Installing: /home/xk/study/mine_slam/src/install/mine_turtlebot3_gazebo/share/mine_turtlebot3_gazebo//models/turtlebot3_autorace_2020/checker/materials/checker.png
-- Installing: /home/xk/study/mine_slam/src/install/mine_turtlebot3_gazebo/share/mine_turtlebot3_gazebo//models/turtlebot3_autorace_2020/checker/materials/textures
-- Installing: /home/xk/study/mine_slam/src/install/mine_turtlebot3_gazebo/share/mine_turtlebot3_gazebo//models/turtlebot3_autorace_2020/checker/materials/textures/checker.png
-- Installing: /home/xk/study/mine_slam/src/install/mine_turtlebot3_gazebo/share/mine_turtlebot3_gazebo//models/turtlebot3_autorace_2020/checker/materials/scripts
-- Installing: /home/xk/study/mine_slam/src/install/mine_turtlebot3_gazebo/share/mine_turtlebot3_gazebo//models/turtlebot3_autorace_2020/checker/materials/scripts/checker.material
-- Installing: /home/xk/study/mine_slam/src/install/mine_turtlebot3_gazebo/share/mine_turtlebot3_gazebo//models/turtlebot3_autorace_2020/checker/model.sdf
-- Installing: /home/xk/study/mine_slam/src/install/mine_turtlebot3_gazebo/share/mine_turtlebot3_gazebo//models/turtlebot3_autorace_2020/traffic_light
-- Installing: /home/xk/study/mine_slam/src/install/mine_turtlebot3_gazebo/share/mine_turtlebot3_gazebo//models/turtlebot3_autorace_2020/traffic_light/model.config
-- Installing: /home/xk/study/mine_slam/src/install/mine_turtlebot3_gazebo/share/mine_turtlebot3_gazebo//models/turtlebot3_autorace_2020/traffic_light/materials
-- Installing: /home/xk/study/mine_slam/src/install/mine_turtlebot3_gazebo/share/mine_turtlebot3_gazebo//models/turtlebot3_autorace_2020/traffic_light/materials/textures
-- Installing: /home/xk/study/mine_slam/src/install/mine_turtlebot3_gazebo/share/mine_turtlebot3_gazebo//models/turtlebot3_autorace_2020/traffic_light/materials/textures/traffic_light_yellow.png
-- Installing: /home/xk/study/mine_slam/src/install/mine_turtlebot3_gazebo/share/mine_turtlebot3_gazebo//models/turtlebot3_autorace_2020/traffic_light/materials/textures/traffic_light_green.png
-- Installing: /home/xk/study/mine_slam/src/install/mine_turtlebot3_gazebo/share/mine_turtlebot3_gazebo//models/turtlebot3_autorace_2020/traffic_light/materials/textures/traffic_light.png
-- Installing: /home/xk/study/mine_slam/src/install/mine_turtlebot3_gazebo/share/mine_turtlebot3_gazebo//models/turtlebot3_autorace_2020/traffic_light/materials/textures/traffic_light_red.png
-- Installing: /home/xk/study/mine_slam/src/install/mine_turtlebot3_gazebo/share/mine_turtlebot3_gazebo//models/turtlebot3_autorace_2020/traffic_light/materials/scripts
-- Installing: /home/xk/study/mine_slam/src/install/mine_turtlebot3_gazebo/share/mine_turtlebot3_gazebo//models/turtlebot3_autorace_2020/traffic_light/materials/scripts/traffic_light.material
-- Installing: /home/xk/study/mine_slam/src/install/mine_turtlebot3_gazebo/share/mine_turtlebot3_gazebo//models/turtlebot3_autorace_2020/traffic_light/model.sdf
-- Installing: /home/xk/study/mine_slam/src/install/mine_turtlebot3_gazebo/share/mine_turtlebot3_gazebo//models/turtlebot3_autorace_2020/traffic_construction
-- Installing: /home/xk/study/mine_slam/src/install/mine_turtlebot3_gazebo/share/mine_turtlebot3_gazebo//models/turtlebot3_autorace_2020/traffic_construction/model.config
-- Installing: /home/xk/study/mine_slam/src/install/mine_turtlebot3_gazebo/share/mine_turtlebot3_gazebo//models/turtlebot3_autorace_2020/traffic_construction/materials
-- Installing: /home/xk/study/mine_slam/src/install/mine_turtlebot3_gazebo/share/mine_turtlebot3_gazebo//models/turtlebot3_autorace_2020/traffic_construction/materials/textures
-- Installing: /home/xk/study/mine_slam/src/install/mine_turtlebot3_gazebo/share/mine_turtlebot3_gazebo//models/turtlebot3_autorace_2020/traffic_construction/materials/textures/traffic_construction.png
-- Installing: /home/xk/study/mine_slam/src/install/mine_turtlebot3_gazebo/share/mine_turtlebot3_gazebo//models/turtlebot3_autorace_2020/traffic_construction/materials/scripts
-- Installing: /home/xk/study/mine_slam/src/install/mine_turtlebot3_gazebo/share/mine_turtlebot3_gazebo//models/turtlebot3_autorace_2020/traffic_construction/materials/scripts/traffic_construction.material
-- Installing: /home/xk/study/mine_slam/src/install/mine_turtlebot3_gazebo/share/mine_turtlebot3_gazebo//models/turtlebot3_autorace_2020/traffic_construction/model.sdf
-- Installing: /home/xk/study/mine_slam/src/install/mine_turtlebot3_gazebo/share/mine_turtlebot3_gazebo//models/turtlebot3_autorace_2020/traffic_parking
-- Installing: /home/xk/study/mine_slam/src/install/mine_turtlebot3_gazebo/share/mine_turtlebot3_gazebo//models/turtlebot3_autorace_2020/traffic_parking/model.config
-- Installing: /home/xk/study/mine_slam/src/install/mine_turtlebot3_gazebo/share/mine_turtlebot3_gazebo//models/turtlebot3_autorace_2020/traffic_parking/materials
-- Installing: /home/xk/study/mine_slam/src/install/mine_turtlebot3_gazebo/share/mine_turtlebot3_gazebo//models/turtlebot3_autorace_2020/traffic_parking/materials/textures
-- Installing: /home/xk/study/mine_slam/src/install/mine_turtlebot3_gazebo/share/mine_turtlebot3_gazebo//models/turtlebot3_autorace_2020/traffic_parking/materials/textures/traffic_parking.png
-- Installing: /home/xk/study/mine_slam/src/install/mine_turtlebot3_gazebo/share/mine_turtlebot3_gazebo//models/turtlebot3_autorace_2020/traffic_parking/materials/scripts
-- Installing: /home/xk/study/mine_slam/src/install/mine_turtlebot3_gazebo/share/mine_turtlebot3_gazebo//models/turtlebot3_autorace_2020/traffic_parking/materials/scripts/traffic_parking.material
-- Installing: /home/xk/study/mine_slam/src/install/mine_turtlebot3_gazebo/share/mine_turtlebot3_gazebo//models/turtlebot3_autorace_2020/traffic_parking/model.sdf
-- Installing: /home/xk/study/mine_slam/src/install/mine_turtlebot3_gazebo/share/mine_turtlebot3_gazebo//models/turtlebot3_autorace_2020/course
-- Installing: /home/xk/study/mine_slam/src/install/mine_turtlebot3_gazebo/share/mine_turtlebot3_gazebo//models/turtlebot3_autorace_2020/course/model.config
-- Installing: /home/xk/study/mine_slam/src/install/mine_turtlebot3_gazebo/share/mine_turtlebot3_gazebo//models/turtlebot3_autorace_2020/course/materials
-- Installing: /home/xk/study/mine_slam/src/install/mine_turtlebot3_gazebo/share/mine_turtlebot3_gazebo//models/turtlebot3_autorace_2020/course/materials/textures
-- Installing: /home/xk/study/mine_slam/src/install/mine_turtlebot3_gazebo/share/mine_turtlebot3_gazebo//models/turtlebot3_autorace_2020/course/materials/textures/course.png
-- Installing: /home/xk/study/mine_slam/src/install/mine_turtlebot3_gazebo/share/mine_turtlebot3_gazebo//models/turtlebot3_autorace_2020/course/materials/scripts
-- Installing: /home/xk/study/mine_slam/src/install/mine_turtlebot3_gazebo/share/mine_turtlebot3_gazebo//models/turtlebot3_autorace_2020/course/materials/scripts/course.material
-- Installing: /home/xk/study/mine_slam/src/install/mine_turtlebot3_gazebo/share/mine_turtlebot3_gazebo//models/turtlebot3_autorace_2020/course/model.sdf
-- Installing: /home/xk/study/mine_slam/src/install/mine_turtlebot3_gazebo/share/mine_turtlebot3_gazebo//models/turtlebot3_autorace_2020/traffic_bar
-- Installing: /home/xk/study/mine_slam/src/install/mine_turtlebot3_gazebo/share/mine_turtlebot3_gazebo//models/turtlebot3_autorace_2020/traffic_bar/model.config
-- Installing: /home/xk/study/mine_slam/src/install/mine_turtlebot3_gazebo/share/mine_turtlebot3_gazebo//models/turtlebot3_autorace_2020/traffic_bar/materials
-- Installing: /home/xk/study/mine_slam/src/install/mine_turtlebot3_gazebo/share/mine_turtlebot3_gazebo//models/turtlebot3_autorace_2020/traffic_bar/materials/textures
-- Installing: /home/xk/study/mine_slam/src/install/mine_turtlebot3_gazebo/share/mine_turtlebot3_gazebo//models/turtlebot3_autorace_2020/traffic_bar/materials/textures/traffic_bar.png
-- Installing: /home/xk/study/mine_slam/src/install/mine_turtlebot3_gazebo/share/mine_turtlebot3_gazebo//models/turtlebot3_autorace_2020/traffic_bar/materials/scripts
-- Installing: /home/xk/study/mine_slam/src/install/mine_turtlebot3_gazebo/share/mine_turtlebot3_gazebo//models/turtlebot3_autorace_2020/traffic_bar/materials/scripts/traffic_bar.material
-- Installing: /home/xk/study/mine_slam/src/install/mine_turtlebot3_gazebo/share/mine_turtlebot3_gazebo//models/turtlebot3_autorace_2020/traffic_bar/model.sdf
-- Installing: /home/xk/study/mine_slam/src/install/mine_turtlebot3_gazebo/share/mine_turtlebot3_gazebo//models/turtlebot3_autorace_2020/traffic_intersection
-- Installing: /home/xk/study/mine_slam/src/install/mine_turtlebot3_gazebo/share/mine_turtlebot3_gazebo//models/turtlebot3_autorace_2020/traffic_intersection/model.config
-- Installing: /home/xk/study/mine_slam/src/install/mine_turtlebot3_gazebo/share/mine_turtlebot3_gazebo//models/turtlebot3_autorace_2020/traffic_intersection/materials
-- Installing: /home/xk/study/mine_slam/src/install/mine_turtlebot3_gazebo/share/mine_turtlebot3_gazebo//models/turtlebot3_autorace_2020/traffic_intersection/materials/textures
-- Installing: /home/xk/study/mine_slam/src/install/mine_turtlebot3_gazebo/share/mine_turtlebot3_gazebo//models/turtlebot3_autorace_2020/traffic_intersection/materials/textures/traffic_intersection.png
-- Installing: /home/xk/study/mine_slam/src/install/mine_turtlebot3_gazebo/share/mine_turtlebot3_gazebo//models/turtlebot3_autorace_2020/traffic_intersection/materials/scripts
-- Installing: /home/xk/study/mine_slam/src/install/mine_turtlebot3_gazebo/share/mine_turtlebot3_gazebo//models/turtlebot3_autorace_2020/traffic_intersection/materials/scripts/traffic_intersection.material
-- Installing: /home/xk/study/mine_slam/src/install/mine_turtlebot3_gazebo/share/mine_turtlebot3_gazebo//models/turtlebot3_autorace_2020/traffic_intersection/model.sdf
-- Installing: /home/xk/study/mine_slam/src/install/mine_turtlebot3_gazebo/share/mine_turtlebot3_gazebo//models/turtlebot3_common
-- Installing: /home/xk/study/mine_slam/src/install/mine_turtlebot3_gazebo/share/mine_turtlebot3_gazebo//models/turtlebot3_common/model.config
-- Installing: /home/xk/study/mine_slam/src/install/mine_turtlebot3_gazebo/share/mine_turtlebot3_gazebo//models/turtlebot3_common/meshes
-- Installing: /home/xk/study/mine_slam/src/install/mine_turtlebot3_gazebo/share/mine_turtlebot3_gazebo//models/turtlebot3_common/meshes/tire.dae
-- Installing: /home/xk/study/mine_slam/src/install/mine_turtlebot3_gazebo/share/mine_turtlebot3_gazebo//models/turtlebot3_common/meshes/r200.dae
-- Installing: /home/xk/study/mine_slam/src/install/mine_turtlebot3_gazebo/share/mine_turtlebot3_gazebo//models/turtlebot3_common/meshes/burger_base.dae
-- Installing: /home/xk/study/mine_slam/src/install/mine_turtlebot3_gazebo/share/mine_turtlebot3_gazebo//models/turtlebot3_common/meshes/wheels
-- Installing: /home/xk/study/mine_slam/src/install/mine_turtlebot3_gazebo/share/mine_turtlebot3_gazebo//models/turtlebot3_common/meshes/wheels/left_tire.stl
-- Installing: /home/xk/study/mine_slam/src/install/mine_turtlebot3_gazebo/share/mine_turtlebot3_gazebo//models/turtlebot3_common/meshes/wheels/right_tire.stl
-- Installing: /home/xk/study/mine_slam/src/install/mine_turtlebot3_gazebo/share/mine_turtlebot3_gazebo//models/turtlebot3_common/meshes/bases
-- Installing: /home/xk/study/mine_slam/src/install/mine_turtlebot3_gazebo/share/mine_turtlebot3_gazebo//models/turtlebot3_common/meshes/bases/waffle_pi_base.stl
-- Installing: /home/xk/study/mine_slam/src/install/mine_turtlebot3_gazebo/share/mine_turtlebot3_gazebo//models/turtlebot3_common/meshes/bases/burger_base.stl
-- Installing: /home/xk/study/mine_slam/src/install/mine_turtlebot3_gazebo/share/mine_turtlebot3_gazebo//models/turtlebot3_common/meshes/bases/waffle_base.stl
-- Installing: /home/xk/study/mine_slam/src/install/mine_turtlebot3_gazebo/share/mine_turtlebot3_gazebo//models/turtlebot3_common/meshes/waffle_base.dae
-- Installing: /home/xk/study/mine_slam/src/install/mine_turtlebot3_gazebo/share/mine_turtlebot3_gazebo//models/turtlebot3_common/meshes/sensors
-- Installing: /home/xk/study/mine_slam/src/install/mine_turtlebot3_gazebo/share/mine_turtlebot3_gazebo//models/turtlebot3_common/meshes/sensors/r200.dae
-- Installing: /home/xk/study/mine_slam/src/install/mine_turtlebot3_gazebo/share/mine_turtlebot3_gazebo//models/turtlebot3_common/meshes/sensors/astra.dae
-- Installing: /home/xk/study/mine_slam/src/install/mine_turtlebot3_gazebo/share/mine_turtlebot3_gazebo//models/turtlebot3_common/meshes/sensors/lds.stl
-- Installing: /home/xk/study/mine_slam/src/install/mine_turtlebot3_gazebo/share/mine_turtlebot3_gazebo//models/turtlebot3_common/meshes/sensors/r200.jpg
-- Installing: /home/xk/study/mine_slam/src/install/mine_turtlebot3_gazebo/share/mine_turtlebot3_gazebo//models/turtlebot3_common/meshes/sensors/astra.jpg
-- Installing: /home/xk/study/mine_slam/src/install/mine_turtlebot3_gazebo/share/mine_turtlebot3_gazebo//models/turtlebot3_common/meshes/waffle_pi_base.dae
-- Installing: /home/xk/study/mine_slam/src/install/mine_turtlebot3_gazebo/share/mine_turtlebot3_gazebo//models/turtlebot3_common/meshes/lds.dae
-- Installing: /home/xk/study/mine_slam/src/install/mine_turtlebot3_gazebo/share/mine_turtlebot3_gazebo//models/turtlebot3_house
-- Installing: /home/xk/study/mine_slam/src/install/mine_turtlebot3_gazebo/share/mine_turtlebot3_gazebo//models/turtlebot3_house/model.config
-- Installing: /home/xk/study/mine_slam/src/install/mine_turtlebot3_gazebo/share/mine_turtlebot3_gazebo//models/turtlebot3_house/model.sdf
-- Installing: /home/xk/study/mine_slam/src/install/mine_turtlebot3_gazebo/share/mine_turtlebot3_gazebo//models/turtlebot3_dqn_world
-- Installing: /home/xk/study/mine_slam/src/install/mine_turtlebot3_gazebo/share/mine_turtlebot3_gazebo//models/turtlebot3_dqn_world/model.config
-- Installing: /home/xk/study/mine_slam/src/install/mine_turtlebot3_gazebo/share/mine_turtlebot3_gazebo//models/turtlebot3_dqn_world/goal_box
-- Installing: /home/xk/study/mine_slam/src/install/mine_turtlebot3_gazebo/share/mine_turtlebot3_gazebo//models/turtlebot3_dqn_world/goal_box/model.config
-- Installing: /home/xk/study/mine_slam/src/install/mine_turtlebot3_gazebo/share/mine_turtlebot3_gazebo//models/turtlebot3_dqn_world/goal_box/model.sdf
-- Installing: /home/xk/study/mine_slam/src/install/mine_turtlebot3_gazebo/share/mine_turtlebot3_gazebo//models/turtlebot3_dqn_world/inner_walls
-- Installing: /home/xk/study/mine_slam/src/install/mine_turtlebot3_gazebo/share/mine_turtlebot3_gazebo//models/turtlebot3_dqn_world/inner_walls/model.config
-- Installing: /home/xk/study/mine_slam/src/install/mine_turtlebot3_gazebo/share/mine_turtlebot3_gazebo//models/turtlebot3_dqn_world/inner_walls/model.sdf
-- Installing: /home/xk/study/mine_slam/src/install/mine_turtlebot3_gazebo/share/mine_turtlebot3_gazebo//models/turtlebot3_dqn_world/obstacle1
-- Installing: /home/xk/study/mine_slam/src/install/mine_turtlebot3_gazebo/share/mine_turtlebot3_gazebo//models/turtlebot3_dqn_world/obstacle1/model.config
-- Installing: /home/xk/study/mine_slam/src/install/mine_turtlebot3_gazebo/share/mine_turtlebot3_gazebo//models/turtlebot3_dqn_world/obstacle1/model.sdf
-- Installing: /home/xk/study/mine_slam/src/install/mine_turtlebot3_gazebo/share/mine_turtlebot3_gazebo//models/turtlebot3_dqn_world/obstacle2
-- Installing: /home/xk/study/mine_slam/src/install/mine_turtlebot3_gazebo/share/mine_turtlebot3_gazebo//models/turtlebot3_dqn_world/obstacle2/model.config
-- Installing: /home/xk/study/mine_slam/src/install/mine_turtlebot3_gazebo/share/mine_turtlebot3_gazebo//models/turtlebot3_dqn_world/obstacle2/model.sdf
-- Installing: /home/xk/study/mine_slam/src/install/mine_turtlebot3_gazebo/share/mine_turtlebot3_gazebo//models/turtlebot3_dqn_world/model.sdf
-- Installing: /home/xk/study/mine_slam/src/install/mine_turtlebot3_gazebo/share/mine_turtlebot3_gazebo//models/turtlebot3_dqn_world/obstacles
-- Installing: /home/xk/study/mine_slam/src/install/mine_turtlebot3_gazebo/share/mine_turtlebot3_gazebo//models/turtlebot3_dqn_world/obstacles/model.config
-- Installing: /home/xk/study/mine_slam/src/install/mine_turtlebot3_gazebo/share/mine_turtlebot3_gazebo//models/turtlebot3_dqn_world/obstacles/model.sdf
-- Installing: /home/xk/study/mine_slam/src/install/mine_turtlebot3_gazebo/share/mine_turtlebot3_gazebo//models/turtlebot3_waffle_pi
-- Installing: /home/xk/study/mine_slam/src/install/mine_turtlebot3_gazebo/share/mine_turtlebot3_gazebo//models/turtlebot3_waffle_pi/model.config
-- Installing: /home/xk/study/mine_slam/src/install/mine_turtlebot3_gazebo/share/mine_turtlebot3_gazebo//models/turtlebot3_waffle_pi/model-1_4_.sdf
-- Installing: /home/xk/study/mine_slam/src/install/mine_turtlebot3_gazebo/share/mine_turtlebot3_gazebo//models/turtlebot3_waffle_pi/model.sdf
-- Installing: /home/xk/study/mine_slam/src/install/mine_turtlebot3_gazebo/share/mine_turtlebot3_gazebo//models/turtlebot3_world
-- Installing: /home/xk/study/mine_slam/src/install/mine_turtlebot3_gazebo/share/mine_turtlebot3_gazebo//models/turtlebot3_world/model.config
-- Installing: /home/xk/study/mine_slam/src/install/mine_turtlebot3_gazebo/share/mine_turtlebot3_gazebo//models/turtlebot3_world/model-1_4.sdf
-- Installing: /home/xk/study/mine_slam/src/install/mine_turtlebot3_gazebo/share/mine_turtlebot3_gazebo//models/turtlebot3_world/meshes
-- Installing: /home/xk/study/mine_slam/src/install/mine_turtlebot3_gazebo/share/mine_turtlebot3_gazebo//models/turtlebot3_world/meshes/hexagon.dae
-- Installing: /home/xk/study/mine_slam/src/install/mine_turtlebot3_gazebo/share/mine_turtlebot3_gazebo//models/turtlebot3_world/meshes/wall.dae
-- Installing: /home/xk/study/mine_slam/src/install/mine_turtlebot3_gazebo/share/mine_turtlebot3_gazebo//models/turtlebot3_world/model.sdf
-- Installing: /home/xk/study/mine_slam/src/install/mine_turtlebot3_gazebo/share/mine_turtlebot3_gazebo//worlds
-- Installing: /home/xk/study/mine_slam/src/install/mine_turtlebot3_gazebo/share/mine_turtlebot3_gazebo//worlds/turtlebot3_autorace_2020.world
-- Installing: /home/xk/study/mine_slam/src/install/mine_turtlebot3_gazebo/share/mine_turtlebot3_gazebo//worlds/turtlebot3_dqn_stage4.world
-- Installing: /home/xk/study/mine_slam/src/install/mine_turtlebot3_gazebo/share/mine_turtlebot3_gazebo//worlds/empty_world.world
-- Installing: /home/xk/study/mine_slam/src/install/mine_turtlebot3_gazebo/share/mine_turtlebot3_gazebo//worlds/turtlebot3_dqn_stage3.world
-- Installing: /home/xk/study/mine_slam/src/install/mine_turtlebot3_gazebo/share/mine_turtlebot3_gazebo//worlds/turtlebot3_dqn_stage1.world
-- Installing: /home/xk/study/mine_slam/src/install/mine_turtlebot3_gazebo/share/mine_turtlebot3_gazebo//worlds/turtlebot3_world.world
-- Installing: /home/xk/study/mine_slam/src/install/mine_turtlebot3_gazebo/share/mine_turtlebot3_gazebo//worlds/turtlebot3_dqn_stage2.world
-- Installing: /home/xk/study/mine_slam/src/install/mine_turtlebot3_gazebo/share/mine_turtlebot3_gazebo//worlds/turtlebot3_house.world
-- Installing: /home/xk/study/mine_slam/src/install/mine_turtlebot3_gazebo/share/mine_turtlebot3_gazebo//urdf
-- Installing: /home/xk/study/mine_slam/src/install/mine_turtlebot3_gazebo/share/mine_turtlebot3_gazebo//urdf/turtlebot3_burger.urdf
-- Installing: /home/xk/study/mine_slam/src/install/mine_turtlebot3_gazebo/share/mine_turtlebot3_gazebo//urdf/turtlebot3_waffle.urdf
-- Installing: /home/xk/study/mine_slam/src/install/mine_turtlebot3_gazebo/share/mine_turtlebot3_gazebo//urdf/turtlebot3_waffle_pi.urdf
-- Installing: /home/xk/study/mine_slam/src/install/mine_turtlebot3_gazebo/share/mine_turtlebot3_gazebo//urdf/turtlebot3_burger_cam.urdf
-- Installing: /home/xk/study/mine_slam/src/install/mine_turtlebot3_gazebo/share/mine_turtlebot3_gazebo//urdf/common_properties.urdf
-- Installing: /home/xk/study/mine_slam/src/install/mine_turtlebot3_gazebo/share/mine_turtlebot3_gazebo//rviz
-- Installing: /home/xk/study/mine_slam/src/install/mine_turtlebot3_gazebo/share/mine_turtlebot3_gazebo//rviz/tb3_gazebo.rviz
-- Installing: /home/xk/study/mine_slam/src/install/mine_turtlebot3_gazebo/share/mine_turtlebot3_gazebo//cmake
-- Installing: /home/xk/study/mine_slam/src/install/mine_turtlebot3_gazebo/share/mine_turtlebot3_gazebo//cmake/ament_cmake_export_dependencies-extras.cmake
-- Installing: /home/xk/study/mine_slam/src/install/mine_turtlebot3_gazebo/share/mine_turtlebot3_gazebo//cmake/ament_cmake_export_include_directories-extras.cmake
-- Installing: /home/xk/study/mine_slam/src/install/mine_turtlebot3_gazebo/share/mine_turtlebot3_gazebo//cmake/turtlebot3_gazeboConfig.cmake
-- Installing: /home/xk/study/mine_slam/src/install/mine_turtlebot3_gazebo/share/mine_turtlebot3_gazebo//cmake/turtlebot3_gazeboConfig-version.cmake
-- Installing: /home/xk/study/mine_slam/src/install/mine_turtlebot3_gazebo/share/ament_index/resource_index/package_run_dependencies/mine_turtlebot3_gazebo
-- Installing: /home/xk/study/mine_slam/src/install/mine_turtlebot3_gazebo/share/ament_index/resource_index/parent_prefix_path/mine_turtlebot3_gazebo
-- Installing: /home/xk/study/mine_slam/src/install/mine_turtlebot3_gazebo/share/mine_turtlebot3_gazebo/environment/ament_prefix_path.sh
-- Installing: /home/xk/study/mine_slam/src/install/mine_turtlebot3_gazebo/share/mine_turtlebot3_gazebo/environment/ament_prefix_path.dsv
-- Installing: /home/xk/study/mine_slam/src/install/mine_turtlebot3_gazebo/share/mine_turtlebot3_gazebo/environment/path.sh
-- Installing: /home/xk/study/mine_slam/src/install/mine_turtlebot3_gazebo/share/mine_turtlebot3_gazebo/environment/path.dsv
-- Installing: /home/xk/study/mine_slam/src/install/mine_turtlebot3_gazebo/share/mine_turtlebot3_gazebo/local_setup.bash
-- Installing: /home/xk/study/mine_slam/src/install/mine_turtlebot3_gazebo/share/mine_turtlebot3_gazebo/local_setup.sh
-- Installing: /home/xk/study/mine_slam/src/install/mine_turtlebot3_gazebo/share/mine_turtlebot3_gazebo/local_setup.zsh
-- Installing: /home/xk/study/mine_slam/src/install/mine_turtlebot3_gazebo/share/mine_turtlebot3_gazebo/local_setup.dsv
-- Installing: /home/xk/study/mine_slam/src/install/mine_turtlebot3_gazebo/share/mine_turtlebot3_gazebo/package.dsv
-- Installing: /home/xk/study/mine_slam/src/install/mine_turtlebot3_gazebo/share/ament_index/resource_index/packages/mine_turtlebot3_gazebo
-- Installing: /home/xk/study/mine_slam/src/install/mine_turtlebot3_gazebo/share/mine_turtlebot3_gazebo/cmake/mine_turtlebot3_gazeboConfig.cmake
-- Installing: /home/xk/study/mine_slam/src/install/mine_turtlebot3_gazebo/share/mine_turtlebot3_gazebo/cmake/mine_turtlebot3_gazeboConfig-version.cmake
-- Installing: /home/xk/study/mine_slam/src/install/mine_turtlebot3_gazebo/share/mine_turtlebot3_gazebo/package.xml
