[0.141s] Invoking command in '/home/xk/study/mine_slam/src/build/mine_turtlebot3_gazebo': CMAKE_PREFIX_PATH=${CMAKE_PREFIX_PATH}:/home/xk/study/mine_slam/install/autopatrol_robot:/home/xk/study/mine_slam/install/mine_aplication:/opt/ros/humble DEBUGINFOD_URLS=https://debuginfod.ubuntu.com /usr/bin/cmake /home/xk/study/mine_slam/src/mine_turtlebot3_gazebo -DCMAKE_INSTALL_PREFIX=/home/xk/study/mine_slam/src/install/mine_turtlebot3_gazebo
[0.174s] -- The C compiler identification is GNU 11.4.0
[0.232s] -- The CXX compiler identification is GNU 11.4.0
[0.236s] -- Detecting C compiler ABI info
[0.282s] -- Detecting C compiler ABI info - done
[0.286s] -- Check for working C compiler: /usr/bin/cc - skipped
[0.286s] -- Detecting C compile features
[0.286s] -- Detecting C compile features - done
[0.288s] -- Detecting CXX compiler ABI info
[0.334s] -- Detecting CXX compiler ABI info - done
[0.338s] -- Check for working CXX compiler: /usr/bin/c++ - skipped
[0.338s] -- Detecting CXX compile features
[0.338s] -- Detecting CXX compile features - done
[0.342s] -- Found ament_cmake: 1.3.12 (/opt/ros/humble/share/ament_cmake/cmake)
[0.439s] -- Found Python3: /usr/bin/python3 (found version "3.10.12") found components: Interpreter 
[0.500s] -- Found ament_lint_auto: 0.12.14 (/opt/ros/humble/share/ament_lint_auto/cmake)
[0.543s] -- Configuring done
[0.545s] -- Generating done
[0.546s] -- Build files have been written to: /home/xk/study/mine_slam/src/build/mine_turtlebot3_gazebo
[0.548s] Invoked command in '/home/xk/study/mine_slam/src/build/mine_turtlebot3_gazebo' returned '0': CMAKE_PREFIX_PATH=${CMAKE_PREFIX_PATH}:/home/xk/study/mine_slam/install/autopatrol_robot:/home/xk/study/mine_slam/install/mine_aplication:/opt/ros/humble DEBUGINFOD_URLS=https://debuginfod.ubuntu.com /usr/bin/cmake /home/xk/study/mine_slam/src/mine_turtlebot3_gazebo -DCMAKE_INSTALL_PREFIX=/home/xk/study/mine_slam/src/install/mine_turtlebot3_gazebo
[0.549s] Invoking command in '/home/xk/study/mine_slam/src/build/mine_turtlebot3_gazebo': CMAKE_PREFIX_PATH=${CMAKE_PREFIX_PATH}:/home/xk/study/mine_slam/install/autopatrol_robot:/home/xk/study/mine_slam/install/mine_aplication:/opt/ros/humble DEBUGINFOD_URLS=https://debuginfod.ubuntu.com /usr/bin/cmake --build /home/xk/study/mine_slam/src/build/mine_turtlebot3_gazebo -- -j16 -l16
[0.573s] Invoked command in '/home/xk/study/mine_slam/src/build/mine_turtlebot3_gazebo' returned '0': CMAKE_PREFIX_PATH=${CMAKE_PREFIX_PATH}:/home/xk/study/mine_slam/install/autopatrol_robot:/home/xk/study/mine_slam/install/mine_aplication:/opt/ros/humble DEBUGINFOD_URLS=https://debuginfod.ubuntu.com /usr/bin/cmake --build /home/xk/study/mine_slam/src/build/mine_turtlebot3_gazebo -- -j16 -l16
[0.579s] Invoking command in '/home/xk/study/mine_slam/src/build/mine_turtlebot3_gazebo': CMAKE_PREFIX_PATH=${CMAKE_PREFIX_PATH}:/home/xk/study/mine_slam/install/autopatrol_robot:/home/xk/study/mine_slam/install/mine_aplication:/opt/ros/humble DEBUGINFOD_URLS=https://debuginfod.ubuntu.com /usr/bin/cmake --install /home/xk/study/mine_slam/src/build/mine_turtlebot3_gazebo
[0.583s] -- Install configuration: ""
[0.583s] -- Installing: /home/xk/study/mine_slam/src/install/mine_turtlebot3_gazebo/share/mine_turtlebot3_gazebo//launch
[0.583s] -- Installing: /home/xk/study/mine_slam/src/install/mine_turtlebot3_gazebo/share/mine_turtlebot3_gazebo//launch/spawn_turtlebot3.launch.py
[0.583s] -- Installing: /home/xk/study/mine_slam/src/install/mine_turtlebot3_gazebo/share/mine_turtlebot3_gazebo//launch/robot_state_publisher.launch.py
[0.583s] -- Installing: /home/xk/study/mine_slam/src/install/mine_turtlebot3_gazebo/share/mine_turtlebot3_gazebo//launch/multi_spawn_turtlebot3.launch.py
[0.584s] -- Installing: /home/xk/study/mine_slam/src/install/mine_turtlebot3_gazebo/share/mine_turtlebot3_gazebo//launch/turtlebot3_dqn_stage4.launch.py
[0.584s] -- Installing: /home/xk/study/mine_slam/src/install/mine_turtlebot3_gazebo/share/mine_turtlebot3_gazebo//launch/multi_robot.launch.py
[0.584s] -- Installing: /home/xk/study/mine_slam/src/install/mine_turtlebot3_gazebo/share/mine_turtlebot3_gazebo//launch/turtlebot3_dqn_stage2.launch.py
[0.584s] -- Installing: /home/xk/study/mine_slam/src/install/mine_turtlebot3_gazebo/share/mine_turtlebot3_gazebo//launch/turtlebot3_world.launch.py
[0.584s] -- Installing: /home/xk/study/mine_slam/src/install/mine_turtlebot3_gazebo/share/mine_turtlebot3_gazebo//launch/turtlebot3_dqn_stage3.launch.py
[0.585s] -- Installing: /home/xk/study/mine_slam/src/install/mine_turtlebot3_gazebo/share/mine_turtlebot3_gazebo//launch/turtlebot3_dqn_stage1.launch.py
[0.585s] -- Installing: /home/xk/study/mine_slam/src/install/mine_turtlebot3_gazebo/share/mine_turtlebot3_gazebo//launch/turtlebot3_house.launch.py
[0.585s] -- Installing: /home/xk/study/mine_slam/src/install/mine_turtlebot3_gazebo/share/mine_turtlebot3_gazebo//launch/empty_world.launch.py
[0.585s] -- Installing: /home/xk/study/mine_slam/src/install/mine_turtlebot3_gazebo/share/mine_turtlebot3_gazebo//launch/turtlebot3_autorace_2020.launch.py
[0.585s] -- Installing: /home/xk/study/mine_slam/src/install/mine_turtlebot3_gazebo/share/mine_turtlebot3_gazebo//models
[0.585s] -- Installing: /home/xk/study/mine_slam/src/install/mine_turtlebot3_gazebo/share/mine_turtlebot3_gazebo//models/turtlebot3_waffle
[0.586s] -- Installing: /home/xk/study/mine_slam/src/install/mine_turtlebot3_gazebo/share/mine_turtlebot3_gazebo//models/turtlebot3_waffle/model.config
[0.586s] -- Installing: /home/xk/study/mine_slam/src/install/mine_turtlebot3_gazebo/share/mine_turtlebot3_gazebo//models/turtlebot3_waffle/model-1_4.sdf
[0.587s] -- Installing: /home/xk/study/mine_slam/src/install/mine_turtlebot3_gazebo/share/mine_turtlebot3_gazebo//models/turtlebot3_waffle/model.sdf
[0.587s] -- Installing: /home/xk/study/mine_slam/src/install/mine_turtlebot3_gazebo/share/mine_turtlebot3_gazebo//models/turtlebot3_burger
[0.587s] -- Installing: /home/xk/study/mine_slam/src/install/mine_turtlebot3_gazebo/share/mine_turtlebot3_gazebo//models/turtlebot3_burger/model.config
[0.587s] -- Installing: /home/xk/study/mine_slam/src/install/mine_turtlebot3_gazebo/share/mine_turtlebot3_gazebo//models/turtlebot3_burger/model-1_4.sdf
[0.588s] -- Installing: /home/xk/study/mine_slam/src/install/mine_turtlebot3_gazebo/share/mine_turtlebot3_gazebo//models/turtlebot3_burger/model.sdf
[0.588s] -- Installing: /home/xk/study/mine_slam/src/install/mine_turtlebot3_gazebo/share/mine_turtlebot3_gazebo//models/turtlebot3_burger_cam
[0.588s] -- Installing: /home/xk/study/mine_slam/src/install/mine_turtlebot3_gazebo/share/mine_turtlebot3_gazebo//models/turtlebot3_burger_cam/model.config
[0.588s] -- Installing: /home/xk/study/mine_slam/src/install/mine_turtlebot3_gazebo/share/mine_turtlebot3_gazebo//models/turtlebot3_burger_cam/model-1_4.sdf
[0.589s] -- Installing: /home/xk/study/mine_slam/src/install/mine_turtlebot3_gazebo/share/mine_turtlebot3_gazebo//models/turtlebot3_burger_cam/model.sdf
[0.589s] -- Installing: /home/xk/study/mine_slam/src/install/mine_turtlebot3_gazebo/share/mine_turtlebot3_gazebo//models/turtlebot3_autorace_2020
[0.589s] -- Installing: /home/xk/study/mine_slam/src/install/mine_turtlebot3_gazebo/share/mine_turtlebot3_gazebo//models/turtlebot3_autorace_2020/traffic_noentry
[0.590s] -- Installing: /home/xk/study/mine_slam/src/install/mine_turtlebot3_gazebo/share/mine_turtlebot3_gazebo//models/turtlebot3_autorace_2020/traffic_noentry/model.config
[0.590s] -- Installing: /home/xk/study/mine_slam/src/install/mine_turtlebot3_gazebo/share/mine_turtlebot3_gazebo//models/turtlebot3_autorace_2020/traffic_noentry/materials
[0.590s] -- Installing: /home/xk/study/mine_slam/src/install/mine_turtlebot3_gazebo/share/mine_turtlebot3_gazebo//models/turtlebot3_autorace_2020/traffic_noentry/materials/textures
[0.590s] -- Installing: /home/xk/study/mine_slam/src/install/mine_turtlebot3_gazebo/share/mine_turtlebot3_gazebo//models/turtlebot3_autorace_2020/traffic_noentry/materials/textures/traffic_noentry.png
[0.591s] -- Installing: /home/xk/study/mine_slam/src/install/mine_turtlebot3_gazebo/share/mine_turtlebot3_gazebo//models/turtlebot3_autorace_2020/traffic_noentry/materials/scripts
[0.591s] -- Installing: /home/xk/study/mine_slam/src/install/mine_turtlebot3_gazebo/share/mine_turtlebot3_gazebo//models/turtlebot3_autorace_2020/traffic_noentry/materials/scripts/traffic_noentry.material
[0.591s] -- Installing: /home/xk/study/mine_slam/src/install/mine_turtlebot3_gazebo/share/mine_turtlebot3_gazebo//models/turtlebot3_autorace_2020/traffic_noentry/model.sdf
[0.591s] -- Installing: /home/xk/study/mine_slam/src/install/mine_turtlebot3_gazebo/share/mine_turtlebot3_gazebo//models/turtlebot3_autorace_2020/traffic_right
[0.591s] -- Installing: /home/xk/study/mine_slam/src/install/mine_turtlebot3_gazebo/share/mine_turtlebot3_gazebo//models/turtlebot3_autorace_2020/traffic_right/model.config
[0.591s] -- Installing: /home/xk/study/mine_slam/src/install/mine_turtlebot3_gazebo/share/mine_turtlebot3_gazebo//models/turtlebot3_autorace_2020/traffic_right/materials
[0.592s] -- Installing: /home/xk/study/mine_slam/src/install/mine_turtlebot3_gazebo/share/mine_turtlebot3_gazebo//models/turtlebot3_autorace_2020/traffic_right/materials/textures
[0.592s] -- Installing: /home/xk/study/mine_slam/src/install/mine_turtlebot3_gazebo/share/mine_turtlebot3_gazebo//models/turtlebot3_autorace_2020/traffic_right/materials/textures/traffic_right.png
[0.592s] -- Installing: /home/xk/study/mine_slam/src/install/mine_turtlebot3_gazebo/share/mine_turtlebot3_gazebo//models/turtlebot3_autorace_2020/traffic_right/materials/scripts
[0.592s] -- Installing: /home/xk/study/mine_slam/src/install/mine_turtlebot3_gazebo/share/mine_turtlebot3_gazebo//models/turtlebot3_autorace_2020/traffic_right/materials/scripts/traffic_right.material
[0.592s] -- Installing: /home/xk/study/mine_slam/src/install/mine_turtlebot3_gazebo/share/mine_turtlebot3_gazebo//models/turtlebot3_autorace_2020/traffic_right/model.sdf
[0.592s] -- Installing: /home/xk/study/mine_slam/src/install/mine_turtlebot3_gazebo/share/mine_turtlebot3_gazebo//models/turtlebot3_autorace_2020/traffic_pl_left
[0.593s] -- Installing: /home/xk/study/mine_slam/src/install/mine_turtlebot3_gazebo/share/mine_turtlebot3_gazebo//models/turtlebot3_autorace_2020/traffic_pl_left/model.config
[0.593s] -- Installing: /home/xk/study/mine_slam/src/install/mine_turtlebot3_gazebo/share/mine_turtlebot3_gazebo//models/turtlebot3_autorace_2020/traffic_pl_left/materials
[0.593s] -- Installing: /home/xk/study/mine_slam/src/install/mine_turtlebot3_gazebo/share/mine_turtlebot3_gazebo//models/turtlebot3_autorace_2020/traffic_pl_left/materials/textures
[0.593s] -- Installing: /home/xk/study/mine_slam/src/install/mine_turtlebot3_gazebo/share/mine_turtlebot3_gazebo//models/turtlebot3_autorace_2020/traffic_pl_left/materials/textures/traffic_pl_left.png
[0.594s] -- Installing: /home/xk/study/mine_slam/src/install/mine_turtlebot3_gazebo/share/mine_turtlebot3_gazebo//models/turtlebot3_autorace_2020/traffic_pl_left/materials/scripts
[0.594s] -- Installing: /home/xk/study/mine_slam/src/install/mine_turtlebot3_gazebo/share/mine_turtlebot3_gazebo//models/turtlebot3_autorace_2020/traffic_pl_left/materials/scripts/traffic_pl_left.material
[0.594s] -- Installing: /home/xk/study/mine_slam/src/install/mine_turtlebot3_gazebo/share/mine_turtlebot3_gazebo//models/turtlebot3_autorace_2020/traffic_pl_left/model.sdf
[0.594s] -- Installing: /home/xk/study/mine_slam/src/install/mine_turtlebot3_gazebo/share/mine_turtlebot3_gazebo//models/turtlebot3_autorace_2020/traffic_tunnel
[0.594s] -- Installing: /home/xk/study/mine_slam/src/install/mine_turtlebot3_gazebo/share/mine_turtlebot3_gazebo//models/turtlebot3_autorace_2020/traffic_tunnel/model.config
[0.594s] -- Installing: /home/xk/study/mine_slam/src/install/mine_turtlebot3_gazebo/share/mine_turtlebot3_gazebo//models/turtlebot3_autorace_2020/traffic_tunnel/materials
[0.594s] -- Installing: /home/xk/study/mine_slam/src/install/mine_turtlebot3_gazebo/share/mine_turtlebot3_gazebo//models/turtlebot3_autorace_2020/traffic_tunnel/materials/textures
[0.594s] -- Installing: /home/xk/study/mine_slam/src/install/mine_turtlebot3_gazebo/share/mine_turtlebot3_gazebo//models/turtlebot3_autorace_2020/traffic_tunnel/materials/textures/tunnel.png
[0.595s] -- Installing: /home/xk/study/mine_slam/src/install/mine_turtlebot3_gazebo/share/mine_turtlebot3_gazebo//models/turtlebot3_autorace_2020/traffic_tunnel/materials/scripts
[0.595s] -- Installing: /home/xk/study/mine_slam/src/install/mine_turtlebot3_gazebo/share/mine_turtlebot3_gazebo//models/turtlebot3_autorace_2020/traffic_tunnel/materials/scripts/tunnel.material
[0.595s] -- Installing: /home/xk/study/mine_slam/src/install/mine_turtlebot3_gazebo/share/mine_turtlebot3_gazebo//models/turtlebot3_autorace_2020/traffic_tunnel/model.sdf
[0.595s] -- Installing: /home/xk/study/mine_slam/src/install/mine_turtlebot3_gazebo/share/mine_turtlebot3_gazebo//models/turtlebot3_autorace_2020/traffic_left
[0.595s] -- Installing: /home/xk/study/mine_slam/src/install/mine_turtlebot3_gazebo/share/mine_turtlebot3_gazebo//models/turtlebot3_autorace_2020/traffic_left/model.config
[0.595s] -- Installing: /home/xk/study/mine_slam/src/install/mine_turtlebot3_gazebo/share/mine_turtlebot3_gazebo//models/turtlebot3_autorace_2020/traffic_left/materials
[0.595s] -- Installing: /home/xk/study/mine_slam/src/install/mine_turtlebot3_gazebo/share/mine_turtlebot3_gazebo//models/turtlebot3_autorace_2020/traffic_left/materials/textures
[0.596s] -- Installing: /home/xk/study/mine_slam/src/install/mine_turtlebot3_gazebo/share/mine_turtlebot3_gazebo//models/turtlebot3_autorace_2020/traffic_left/materials/textures/traffic_left.png
[0.596s] -- Installing: /home/xk/study/mine_slam/src/install/mine_turtlebot3_gazebo/share/mine_turtlebot3_gazebo//models/turtlebot3_autorace_2020/traffic_left/materials/scripts
[0.596s] -- Installing: /home/xk/study/mine_slam/src/install/mine_turtlebot3_gazebo/share/mine_turtlebot3_gazebo//models/turtlebot3_autorace_2020/traffic_left/materials/scripts/traffic_is_left.material
[0.596s] -- Installing: /home/xk/study/mine_slam/src/install/mine_turtlebot3_gazebo/share/mine_turtlebot3_gazebo//models/turtlebot3_autorace_2020/traffic_left/model.sdf
[0.597s] -- Installing: /home/xk/study/mine_slam/src/install/mine_turtlebot3_gazebo/share/mine_turtlebot3_gazebo//models/turtlebot3_autorace_2020/traffic_stop
[0.597s] -- Installing: /home/xk/study/mine_slam/src/install/mine_turtlebot3_gazebo/share/mine_turtlebot3_gazebo//models/turtlebot3_autorace_2020/traffic_stop/model.config
[0.597s] -- Installing: /home/xk/study/mine_slam/src/install/mine_turtlebot3_gazebo/share/mine_turtlebot3_gazebo//models/turtlebot3_autorace_2020/traffic_stop/materials
[0.597s] -- Installing: /home/xk/study/mine_slam/src/install/mine_turtlebot3_gazebo/share/mine_turtlebot3_gazebo//models/turtlebot3_autorace_2020/traffic_stop/materials/textures
[0.597s] -- Installing: /home/xk/study/mine_slam/src/install/mine_turtlebot3_gazebo/share/mine_turtlebot3_gazebo//models/turtlebot3_autorace_2020/traffic_stop/materials/textures/traffic_stop.png
[0.598s] -- Installing: /home/xk/study/mine_slam/src/install/mine_turtlebot3_gazebo/share/mine_turtlebot3_gazebo//models/turtlebot3_autorace_2020/traffic_stop/materials/scripts
[0.598s] -- Installing: /home/xk/study/mine_slam/src/install/mine_turtlebot3_gazebo/share/mine_turtlebot3_gazebo//models/turtlebot3_autorace_2020/traffic_stop/materials/scripts/traffic_stop.material
[0.598s] -- Installing: /home/xk/study/mine_slam/src/install/mine_turtlebot3_gazebo/share/mine_turtlebot3_gazebo//models/turtlebot3_autorace_2020/traffic_stop/model.sdf
[0.598s] -- Installing: /home/xk/study/mine_slam/src/install/mine_turtlebot3_gazebo/share/mine_turtlebot3_gazebo//models/turtlebot3_autorace_2020/checker
[0.598s] -- Installing: /home/xk/study/mine_slam/src/install/mine_turtlebot3_gazebo/share/mine_turtlebot3_gazebo//models/turtlebot3_autorace_2020/checker/model.config
[0.599s] -- Installing: /home/xk/study/mine_slam/src/install/mine_turtlebot3_gazebo/share/mine_turtlebot3_gazebo//models/turtlebot3_autorace_2020/checker/materials
[0.599s] -- Installing: /home/xk/study/mine_slam/src/install/mine_turtlebot3_gazebo/share/mine_turtlebot3_gazebo//models/turtlebot3_autorace_2020/checker/materials/checker.png
[0.599s] -- Installing: /home/xk/study/mine_slam/src/install/mine_turtlebot3_gazebo/share/mine_turtlebot3_gazebo//models/turtlebot3_autorace_2020/checker/materials/textures
[0.599s] -- Installing: /home/xk/study/mine_slam/src/install/mine_turtlebot3_gazebo/share/mine_turtlebot3_gazebo//models/turtlebot3_autorace_2020/checker/materials/textures/checker.png
[0.599s] -- Installing: /home/xk/study/mine_slam/src/install/mine_turtlebot3_gazebo/share/mine_turtlebot3_gazebo//models/turtlebot3_autorace_2020/checker/materials/scripts
[0.599s] -- Installing: /home/xk/study/mine_slam/src/install/mine_turtlebot3_gazebo/share/mine_turtlebot3_gazebo//models/turtlebot3_autorace_2020/checker/materials/scripts/checker.material
[0.600s] -- Installing: /home/xk/study/mine_slam/src/install/mine_turtlebot3_gazebo/share/mine_turtlebot3_gazebo//models/turtlebot3_autorace_2020/checker/model.sdf
[0.600s] -- Installing: /home/xk/study/mine_slam/src/install/mine_turtlebot3_gazebo/share/mine_turtlebot3_gazebo//models/turtlebot3_autorace_2020/traffic_light
[0.600s] -- Installing: /home/xk/study/mine_slam/src/install/mine_turtlebot3_gazebo/share/mine_turtlebot3_gazebo//models/turtlebot3_autorace_2020/traffic_light/model.config
[0.600s] -- Installing: /home/xk/study/mine_slam/src/install/mine_turtlebot3_gazebo/share/mine_turtlebot3_gazebo//models/turtlebot3_autorace_2020/traffic_light/materials
[0.600s] -- Installing: /home/xk/study/mine_slam/src/install/mine_turtlebot3_gazebo/share/mine_turtlebot3_gazebo//models/turtlebot3_autorace_2020/traffic_light/materials/textures
[0.600s] -- Installing: /home/xk/study/mine_slam/src/install/mine_turtlebot3_gazebo/share/mine_turtlebot3_gazebo//models/turtlebot3_autorace_2020/traffic_light/materials/textures/traffic_light_yellow.png
[0.601s] -- Installing: /home/xk/study/mine_slam/src/install/mine_turtlebot3_gazebo/share/mine_turtlebot3_gazebo//models/turtlebot3_autorace_2020/traffic_light/materials/textures/traffic_light_green.png
[0.601s] -- Installing: /home/xk/study/mine_slam/src/install/mine_turtlebot3_gazebo/share/mine_turtlebot3_gazebo//models/turtlebot3_autorace_2020/traffic_light/materials/textures/traffic_light.png
[0.601s] -- Installing: /home/xk/study/mine_slam/src/install/mine_turtlebot3_gazebo/share/mine_turtlebot3_gazebo//models/turtlebot3_autorace_2020/traffic_light/materials/textures/traffic_light_red.png
[0.601s] -- Installing: /home/xk/study/mine_slam/src/install/mine_turtlebot3_gazebo/share/mine_turtlebot3_gazebo//models/turtlebot3_autorace_2020/traffic_light/materials/scripts
[0.601s] -- Installing: /home/xk/study/mine_slam/src/install/mine_turtlebot3_gazebo/share/mine_turtlebot3_gazebo//models/turtlebot3_autorace_2020/traffic_light/materials/scripts/traffic_light.material
[0.601s] -- Installing: /home/xk/study/mine_slam/src/install/mine_turtlebot3_gazebo/share/mine_turtlebot3_gazebo//models/turtlebot3_autorace_2020/traffic_light/model.sdf
[0.602s] -- Installing: /home/xk/study/mine_slam/src/install/mine_turtlebot3_gazebo/share/mine_turtlebot3_gazebo//models/turtlebot3_autorace_2020/traffic_construction
[0.602s] -- Installing: /home/xk/study/mine_slam/src/install/mine_turtlebot3_gazebo/share/mine_turtlebot3_gazebo//models/turtlebot3_autorace_2020/traffic_construction/model.config
[0.602s] -- Installing: /home/xk/study/mine_slam/src/install/mine_turtlebot3_gazebo/share/mine_turtlebot3_gazebo//models/turtlebot3_autorace_2020/traffic_construction/materials
[0.602s] -- Installing: /home/xk/study/mine_slam/src/install/mine_turtlebot3_gazebo/share/mine_turtlebot3_gazebo//models/turtlebot3_autorace_2020/traffic_construction/materials/textures
[0.602s] -- Installing: /home/xk/study/mine_slam/src/install/mine_turtlebot3_gazebo/share/mine_turtlebot3_gazebo//models/turtlebot3_autorace_2020/traffic_construction/materials/textures/traffic_construction.png
[0.603s] -- Installing: /home/xk/study/mine_slam/src/install/mine_turtlebot3_gazebo/share/mine_turtlebot3_gazebo//models/turtlebot3_autorace_2020/traffic_construction/materials/scripts
[0.603s] -- Installing: /home/xk/study/mine_slam/src/install/mine_turtlebot3_gazebo/share/mine_turtlebot3_gazebo//models/turtlebot3_autorace_2020/traffic_construction/materials/scripts/traffic_construction.material
[0.603s] -- Installing: /home/xk/study/mine_slam/src/install/mine_turtlebot3_gazebo/share/mine_turtlebot3_gazebo//models/turtlebot3_autorace_2020/traffic_construction/model.sdf
[0.603s] -- Installing: /home/xk/study/mine_slam/src/install/mine_turtlebot3_gazebo/share/mine_turtlebot3_gazebo//models/turtlebot3_autorace_2020/traffic_parking
[0.604s] -- Installing: /home/xk/study/mine_slam/src/install/mine_turtlebot3_gazebo/share/mine_turtlebot3_gazebo//models/turtlebot3_autorace_2020/traffic_parking/model.config
[0.604s] -- Installing: /home/xk/study/mine_slam/src/install/mine_turtlebot3_gazebo/share/mine_turtlebot3_gazebo//models/turtlebot3_autorace_2020/traffic_parking/materials
[0.604s] -- Installing: /home/xk/study/mine_slam/src/install/mine_turtlebot3_gazebo/share/mine_turtlebot3_gazebo//models/turtlebot3_autorace_2020/traffic_parking/materials/textures
[0.604s] -- Installing: /home/xk/study/mine_slam/src/install/mine_turtlebot3_gazebo/share/mine_turtlebot3_gazebo//models/turtlebot3_autorace_2020/traffic_parking/materials/textures/traffic_parking.png
[0.605s] -- Installing: /home/xk/study/mine_slam/src/install/mine_turtlebot3_gazebo/share/mine_turtlebot3_gazebo//models/turtlebot3_autorace_2020/traffic_parking/materials/scripts
[0.605s] -- Installing: /home/xk/study/mine_slam/src/install/mine_turtlebot3_gazebo/share/mine_turtlebot3_gazebo//models/turtlebot3_autorace_2020/traffic_parking/materials/scripts/traffic_parking.material
[0.605s] -- Installing: /home/xk/study/mine_slam/src/install/mine_turtlebot3_gazebo/share/mine_turtlebot3_gazebo//models/turtlebot3_autorace_2020/traffic_parking/model.sdf
[0.605s] -- Installing: /home/xk/study/mine_slam/src/install/mine_turtlebot3_gazebo/share/mine_turtlebot3_gazebo//models/turtlebot3_autorace_2020/course
[0.605s] -- Installing: /home/xk/study/mine_slam/src/install/mine_turtlebot3_gazebo/share/mine_turtlebot3_gazebo//models/turtlebot3_autorace_2020/course/model.config
[0.605s] -- Installing: /home/xk/study/mine_slam/src/install/mine_turtlebot3_gazebo/share/mine_turtlebot3_gazebo//models/turtlebot3_autorace_2020/course/materials
[0.605s] -- Installing: /home/xk/study/mine_slam/src/install/mine_turtlebot3_gazebo/share/mine_turtlebot3_gazebo//models/turtlebot3_autorace_2020/course/materials/textures
[0.606s] -- Installing: /home/xk/study/mine_slam/src/install/mine_turtlebot3_gazebo/share/mine_turtlebot3_gazebo//models/turtlebot3_autorace_2020/course/materials/textures/course.png
[0.606s] -- Installing: /home/xk/study/mine_slam/src/install/mine_turtlebot3_gazebo/share/mine_turtlebot3_gazebo//models/turtlebot3_autorace_2020/course/materials/scripts
[0.606s] -- Installing: /home/xk/study/mine_slam/src/install/mine_turtlebot3_gazebo/share/mine_turtlebot3_gazebo//models/turtlebot3_autorace_2020/course/materials/scripts/course.material
[0.606s] -- Installing: /home/xk/study/mine_slam/src/install/mine_turtlebot3_gazebo/share/mine_turtlebot3_gazebo//models/turtlebot3_autorace_2020/course/model.sdf
[0.607s] -- Installing: /home/xk/study/mine_slam/src/install/mine_turtlebot3_gazebo/share/mine_turtlebot3_gazebo//models/turtlebot3_autorace_2020/traffic_bar
[0.607s] -- Installing: /home/xk/study/mine_slam/src/install/mine_turtlebot3_gazebo/share/mine_turtlebot3_gazebo//models/turtlebot3_autorace_2020/traffic_bar/model.config
[0.607s] -- Installing: /home/xk/study/mine_slam/src/install/mine_turtlebot3_gazebo/share/mine_turtlebot3_gazebo//models/turtlebot3_autorace_2020/traffic_bar/materials
[0.607s] -- Installing: /home/xk/study/mine_slam/src/install/mine_turtlebot3_gazebo/share/mine_turtlebot3_gazebo//models/turtlebot3_autorace_2020/traffic_bar/materials/textures
[0.607s] -- Installing: /home/xk/study/mine_slam/src/install/mine_turtlebot3_gazebo/share/mine_turtlebot3_gazebo//models/turtlebot3_autorace_2020/traffic_bar/materials/textures/traffic_bar.png
[0.607s] -- Installing: /home/xk/study/mine_slam/src/install/mine_turtlebot3_gazebo/share/mine_turtlebot3_gazebo//models/turtlebot3_autorace_2020/traffic_bar/materials/scripts
[0.607s] -- Installing: /home/xk/study/mine_slam/src/install/mine_turtlebot3_gazebo/share/mine_turtlebot3_gazebo//models/turtlebot3_autorace_2020/traffic_bar/materials/scripts/traffic_bar.material
[0.607s] -- Installing: /home/xk/study/mine_slam/src/install/mine_turtlebot3_gazebo/share/mine_turtlebot3_gazebo//models/turtlebot3_autorace_2020/traffic_bar/model.sdf
[0.608s] -- Installing: /home/xk/study/mine_slam/src/install/mine_turtlebot3_gazebo/share/mine_turtlebot3_gazebo//models/turtlebot3_autorace_2020/traffic_intersection
[0.608s] -- Installing: /home/xk/study/mine_slam/src/install/mine_turtlebot3_gazebo/share/mine_turtlebot3_gazebo//models/turtlebot3_autorace_2020/traffic_intersection/model.config
[0.608s] -- Installing: /home/xk/study/mine_slam/src/install/mine_turtlebot3_gazebo/share/mine_turtlebot3_gazebo//models/turtlebot3_autorace_2020/traffic_intersection/materials
[0.608s] -- Installing: /home/xk/study/mine_slam/src/install/mine_turtlebot3_gazebo/share/mine_turtlebot3_gazebo//models/turtlebot3_autorace_2020/traffic_intersection/materials/textures
[0.608s] -- Installing: /home/xk/study/mine_slam/src/install/mine_turtlebot3_gazebo/share/mine_turtlebot3_gazebo//models/turtlebot3_autorace_2020/traffic_intersection/materials/textures/traffic_intersection.png
[0.609s] -- Installing: /home/xk/study/mine_slam/src/install/mine_turtlebot3_gazebo/share/mine_turtlebot3_gazebo//models/turtlebot3_autorace_2020/traffic_intersection/materials/scripts
[0.609s] -- Installing: /home/xk/study/mine_slam/src/install/mine_turtlebot3_gazebo/share/mine_turtlebot3_gazebo//models/turtlebot3_autorace_2020/traffic_intersection/materials/scripts/traffic_intersection.material
[0.609s] -- Installing: /home/xk/study/mine_slam/src/install/mine_turtlebot3_gazebo/share/mine_turtlebot3_gazebo//models/turtlebot3_autorace_2020/traffic_intersection/model.sdf
[0.609s] -- Installing: /home/xk/study/mine_slam/src/install/mine_turtlebot3_gazebo/share/mine_turtlebot3_gazebo//models/turtlebot3_common
[0.609s] -- Installing: /home/xk/study/mine_slam/src/install/mine_turtlebot3_gazebo/share/mine_turtlebot3_gazebo//models/turtlebot3_common/model.config
[0.609s] -- Installing: /home/xk/study/mine_slam/src/install/mine_turtlebot3_gazebo/share/mine_turtlebot3_gazebo//models/turtlebot3_common/meshes
[0.609s] -- Installing: /home/xk/study/mine_slam/src/install/mine_turtlebot3_gazebo/share/mine_turtlebot3_gazebo//models/turtlebot3_common/meshes/tire.dae
[0.610s] -- Installing: /home/xk/study/mine_slam/src/install/mine_turtlebot3_gazebo/share/mine_turtlebot3_gazebo//models/turtlebot3_common/meshes/r200.dae
[0.612s] -- Installing: /home/xk/study/mine_slam/src/install/mine_turtlebot3_gazebo/share/mine_turtlebot3_gazebo//models/turtlebot3_common/meshes/burger_base.dae
[0.612s] -- Installing: /home/xk/study/mine_slam/src/install/mine_turtlebot3_gazebo/share/mine_turtlebot3_gazebo//models/turtlebot3_common/meshes/wheels
[0.612s] -- Installing: /home/xk/study/mine_slam/src/install/mine_turtlebot3_gazebo/share/mine_turtlebot3_gazebo//models/turtlebot3_common/meshes/wheels/left_tire.stl
[0.615s] -- Installing: /home/xk/study/mine_slam/src/install/mine_turtlebot3_gazebo/share/mine_turtlebot3_gazebo//models/turtlebot3_common/meshes/wheels/right_tire.stl
[0.618s] -- Installing: /home/xk/study/mine_slam/src/install/mine_turtlebot3_gazebo/share/mine_turtlebot3_gazebo//models/turtlebot3_common/meshes/bases
[0.618s] -- Installing: /home/xk/study/mine_slam/src/install/mine_turtlebot3_gazebo/share/mine_turtlebot3_gazebo//models/turtlebot3_common/meshes/bases/waffle_pi_base.stl
[0.636s] -- Installing: /home/xk/study/mine_slam/src/install/mine_turtlebot3_gazebo/share/mine_turtlebot3_gazebo//models/turtlebot3_common/meshes/bases/burger_base.stl
[0.646s] -- Installing: /home/xk/study/mine_slam/src/install/mine_turtlebot3_gazebo/share/mine_turtlebot3_gazebo//models/turtlebot3_common/meshes/bases/waffle_base.stl
[0.676s] -- Installing: /home/xk/study/mine_slam/src/install/mine_turtlebot3_gazebo/share/mine_turtlebot3_gazebo//models/turtlebot3_common/meshes/waffle_base.dae
[0.676s] -- Installing: /home/xk/study/mine_slam/src/install/mine_turtlebot3_gazebo/share/mine_turtlebot3_gazebo//models/turtlebot3_common/meshes/sensors
[0.676s] -- Installing: /home/xk/study/mine_slam/src/install/mine_turtlebot3_gazebo/share/mine_turtlebot3_gazebo//models/turtlebot3_common/meshes/sensors/r200.dae
[0.677s] -- Installing: /home/xk/study/mine_slam/src/install/mine_turtlebot3_gazebo/share/mine_turtlebot3_gazebo//models/turtlebot3_common/meshes/sensors/astra.dae
[0.694s] -- Installing: /home/xk/study/mine_slam/src/install/mine_turtlebot3_gazebo/share/mine_turtlebot3_gazebo//models/turtlebot3_common/meshes/sensors/lds.stl
[0.696s] -- Installing: /home/xk/study/mine_slam/src/install/mine_turtlebot3_gazebo/share/mine_turtlebot3_gazebo//models/turtlebot3_common/meshes/sensors/r200.jpg
[0.696s] -- Installing: /home/xk/study/mine_slam/src/install/mine_turtlebot3_gazebo/share/mine_turtlebot3_gazebo//models/turtlebot3_common/meshes/sensors/astra.jpg
[0.697s] -- Installing: /home/xk/study/mine_slam/src/install/mine_turtlebot3_gazebo/share/mine_turtlebot3_gazebo//models/turtlebot3_common/meshes/waffle_pi_base.dae
[0.697s] -- Installing: /home/xk/study/mine_slam/src/install/mine_turtlebot3_gazebo/share/mine_turtlebot3_gazebo//models/turtlebot3_common/meshes/lds.dae
[0.698s] -- Installing: /home/xk/study/mine_slam/src/install/mine_turtlebot3_gazebo/share/mine_turtlebot3_gazebo//models/turtlebot3_house
[0.698s] -- Installing: /home/xk/study/mine_slam/src/install/mine_turtlebot3_gazebo/share/mine_turtlebot3_gazebo//models/turtlebot3_house/model.config
[0.698s] -- Installing: /home/xk/study/mine_slam/src/install/mine_turtlebot3_gazebo/share/mine_turtlebot3_gazebo//models/turtlebot3_house/model.sdf
[0.699s] -- Installing: /home/xk/study/mine_slam/src/install/mine_turtlebot3_gazebo/share/mine_turtlebot3_gazebo//models/turtlebot3_dqn_world
[0.699s] -- Installing: /home/xk/study/mine_slam/src/install/mine_turtlebot3_gazebo/share/mine_turtlebot3_gazebo//models/turtlebot3_dqn_world/model.config
[0.699s] -- Installing: /home/xk/study/mine_slam/src/install/mine_turtlebot3_gazebo/share/mine_turtlebot3_gazebo//models/turtlebot3_dqn_world/goal_box
[0.699s] -- Installing: /home/xk/study/mine_slam/src/install/mine_turtlebot3_gazebo/share/mine_turtlebot3_gazebo//models/turtlebot3_dqn_world/goal_box/model.config
[0.700s] -- Installing: /home/xk/study/mine_slam/src/install/mine_turtlebot3_gazebo/share/mine_turtlebot3_gazebo//models/turtlebot3_dqn_world/goal_box/model.sdf
[0.700s] -- Installing: /home/xk/study/mine_slam/src/install/mine_turtlebot3_gazebo/share/mine_turtlebot3_gazebo//models/turtlebot3_dqn_world/inner_walls
[0.700s] -- Installing: /home/xk/study/mine_slam/src/install/mine_turtlebot3_gazebo/share/mine_turtlebot3_gazebo//models/turtlebot3_dqn_world/inner_walls/model.config
[0.700s] -- Installing: /home/xk/study/mine_slam/src/install/mine_turtlebot3_gazebo/share/mine_turtlebot3_gazebo//models/turtlebot3_dqn_world/inner_walls/model.sdf
[0.700s] -- Installing: /home/xk/study/mine_slam/src/install/mine_turtlebot3_gazebo/share/mine_turtlebot3_gazebo//models/turtlebot3_dqn_world/obstacle1
[0.700s] -- Installing: /home/xk/study/mine_slam/src/install/mine_turtlebot3_gazebo/share/mine_turtlebot3_gazebo//models/turtlebot3_dqn_world/obstacle1/model.config
[0.700s] -- Installing: /home/xk/study/mine_slam/src/install/mine_turtlebot3_gazebo/share/mine_turtlebot3_gazebo//models/turtlebot3_dqn_world/obstacle1/model.sdf
[0.700s] -- Installing: /home/xk/study/mine_slam/src/install/mine_turtlebot3_gazebo/share/mine_turtlebot3_gazebo//models/turtlebot3_dqn_world/obstacle2
[0.701s] -- Installing: /home/xk/study/mine_slam/src/install/mine_turtlebot3_gazebo/share/mine_turtlebot3_gazebo//models/turtlebot3_dqn_world/obstacle2/model.config
[0.701s] -- Installing: /home/xk/study/mine_slam/src/install/mine_turtlebot3_gazebo/share/mine_turtlebot3_gazebo//models/turtlebot3_dqn_world/obstacle2/model.sdf
[0.701s] -- Installing: /home/xk/study/mine_slam/src/install/mine_turtlebot3_gazebo/share/mine_turtlebot3_gazebo//models/turtlebot3_dqn_world/model.sdf
[0.701s] -- Installing: /home/xk/study/mine_slam/src/install/mine_turtlebot3_gazebo/share/mine_turtlebot3_gazebo//models/turtlebot3_dqn_world/obstacles
[0.702s] -- Installing: /home/xk/study/mine_slam/src/install/mine_turtlebot3_gazebo/share/mine_turtlebot3_gazebo//models/turtlebot3_dqn_world/obstacles/model.config
[0.702s] -- Installing: /home/xk/study/mine_slam/src/install/mine_turtlebot3_gazebo/share/mine_turtlebot3_gazebo//models/turtlebot3_dqn_world/obstacles/model.sdf
[0.702s] -- Installing: /home/xk/study/mine_slam/src/install/mine_turtlebot3_gazebo/share/mine_turtlebot3_gazebo//models/turtlebot3_waffle_pi
[0.702s] -- Installing: /home/xk/study/mine_slam/src/install/mine_turtlebot3_gazebo/share/mine_turtlebot3_gazebo//models/turtlebot3_waffle_pi/model.config
[0.702s] -- Installing: /home/xk/study/mine_slam/src/install/mine_turtlebot3_gazebo/share/mine_turtlebot3_gazebo//models/turtlebot3_waffle_pi/model-1_4_.sdf
[0.702s] -- Installing: /home/xk/study/mine_slam/src/install/mine_turtlebot3_gazebo/share/mine_turtlebot3_gazebo//models/turtlebot3_waffle_pi/model.sdf
[0.702s] -- Installing: /home/xk/study/mine_slam/src/install/mine_turtlebot3_gazebo/share/mine_turtlebot3_gazebo//models/turtlebot3_world
[0.702s] -- Installing: /home/xk/study/mine_slam/src/install/mine_turtlebot3_gazebo/share/mine_turtlebot3_gazebo//models/turtlebot3_world/model.config
[0.702s] -- Installing: /home/xk/study/mine_slam/src/install/mine_turtlebot3_gazebo/share/mine_turtlebot3_gazebo//models/turtlebot3_world/model-1_4.sdf
[0.702s] -- Installing: /home/xk/study/mine_slam/src/install/mine_turtlebot3_gazebo/share/mine_turtlebot3_gazebo//models/turtlebot3_world/meshes
[0.702s] -- Installing: /home/xk/study/mine_slam/src/install/mine_turtlebot3_gazebo/share/mine_turtlebot3_gazebo//models/turtlebot3_world/meshes/hexagon.dae
[0.703s] -- Installing: /home/xk/study/mine_slam/src/install/mine_turtlebot3_gazebo/share/mine_turtlebot3_gazebo//models/turtlebot3_world/meshes/wall.dae
[0.703s] -- Installing: /home/xk/study/mine_slam/src/install/mine_turtlebot3_gazebo/share/mine_turtlebot3_gazebo//models/turtlebot3_world/model.sdf
[0.703s] -- Installing: /home/xk/study/mine_slam/src/install/mine_turtlebot3_gazebo/share/mine_turtlebot3_gazebo//worlds
[0.703s] -- Installing: /home/xk/study/mine_slam/src/install/mine_turtlebot3_gazebo/share/mine_turtlebot3_gazebo//worlds/turtlebot3_autorace_2020.world
[0.703s] -- Installing: /home/xk/study/mine_slam/src/install/mine_turtlebot3_gazebo/share/mine_turtlebot3_gazebo//worlds/turtlebot3_dqn_stage4.world
[0.703s] -- Installing: /home/xk/study/mine_slam/src/install/mine_turtlebot3_gazebo/share/mine_turtlebot3_gazebo//worlds/empty_world.world
[0.703s] -- Installing: /home/xk/study/mine_slam/src/install/mine_turtlebot3_gazebo/share/mine_turtlebot3_gazebo//worlds/turtlebot3_dqn_stage3.world
[0.703s] -- Installing: /home/xk/study/mine_slam/src/install/mine_turtlebot3_gazebo/share/mine_turtlebot3_gazebo//worlds/turtlebot3_dqn_stage1.world
[0.703s] -- Installing: /home/xk/study/mine_slam/src/install/mine_turtlebot3_gazebo/share/mine_turtlebot3_gazebo//worlds/turtlebot3_world.world
[0.704s] -- Installing: /home/xk/study/mine_slam/src/install/mine_turtlebot3_gazebo/share/mine_turtlebot3_gazebo//worlds/turtlebot3_dqn_stage2.world
[0.704s] -- Installing: /home/xk/study/mine_slam/src/install/mine_turtlebot3_gazebo/share/mine_turtlebot3_gazebo//worlds/turtlebot3_house.world
[0.704s] -- Installing: /home/xk/study/mine_slam/src/install/mine_turtlebot3_gazebo/share/mine_turtlebot3_gazebo//urdf
[0.704s] -- Installing: /home/xk/study/mine_slam/src/install/mine_turtlebot3_gazebo/share/mine_turtlebot3_gazebo//urdf/turtlebot3_burger.urdf
[0.704s] -- Installing: /home/xk/study/mine_slam/src/install/mine_turtlebot3_gazebo/share/mine_turtlebot3_gazebo//urdf/turtlebot3_waffle.urdf
[0.704s] -- Installing: /home/xk/study/mine_slam/src/install/mine_turtlebot3_gazebo/share/mine_turtlebot3_gazebo//urdf/turtlebot3_waffle_pi.urdf
[0.704s] -- Installing: /home/xk/study/mine_slam/src/install/mine_turtlebot3_gazebo/share/mine_turtlebot3_gazebo//urdf/turtlebot3_burger_cam.urdf
[0.704s] -- Installing: /home/xk/study/mine_slam/src/install/mine_turtlebot3_gazebo/share/mine_turtlebot3_gazebo//urdf/common_properties.urdf
[0.704s] -- Installing: /home/xk/study/mine_slam/src/install/mine_turtlebot3_gazebo/share/mine_turtlebot3_gazebo//rviz
[0.704s] -- Installing: /home/xk/study/mine_slam/src/install/mine_turtlebot3_gazebo/share/mine_turtlebot3_gazebo//rviz/tb3_gazebo.rviz
[0.704s] -- Installing: /home/xk/study/mine_slam/src/install/mine_turtlebot3_gazebo/share/mine_turtlebot3_gazebo//cmake
[0.705s] -- Installing: /home/xk/study/mine_slam/src/install/mine_turtlebot3_gazebo/share/mine_turtlebot3_gazebo//cmake/ament_cmake_export_dependencies-extras.cmake
[0.705s] -- Installing: /home/xk/study/mine_slam/src/install/mine_turtlebot3_gazebo/share/mine_turtlebot3_gazebo//cmake/ament_cmake_export_include_directories-extras.cmake
[0.705s] -- Installing: /home/xk/study/mine_slam/src/install/mine_turtlebot3_gazebo/share/mine_turtlebot3_gazebo//cmake/turtlebot3_gazeboConfig.cmake
[0.705s] -- Installing: /home/xk/study/mine_slam/src/install/mine_turtlebot3_gazebo/share/mine_turtlebot3_gazebo//cmake/turtlebot3_gazeboConfig-version.cmake
[0.705s] -- Installing: /home/xk/study/mine_slam/src/install/mine_turtlebot3_gazebo/share/ament_index/resource_index/package_run_dependencies/mine_turtlebot3_gazebo
[0.705s] -- Installing: /home/xk/study/mine_slam/src/install/mine_turtlebot3_gazebo/share/ament_index/resource_index/parent_prefix_path/mine_turtlebot3_gazebo
[0.705s] -- Installing: /home/xk/study/mine_slam/src/install/mine_turtlebot3_gazebo/share/mine_turtlebot3_gazebo/environment/ament_prefix_path.sh
[0.705s] -- Installing: /home/xk/study/mine_slam/src/install/mine_turtlebot3_gazebo/share/mine_turtlebot3_gazebo/environment/ament_prefix_path.dsv
[0.705s] -- Installing: /home/xk/study/mine_slam/src/install/mine_turtlebot3_gazebo/share/mine_turtlebot3_gazebo/environment/path.sh
[0.705s] -- Installing: /home/xk/study/mine_slam/src/install/mine_turtlebot3_gazebo/share/mine_turtlebot3_gazebo/environment/path.dsv
[0.705s] -- Installing: /home/xk/study/mine_slam/src/install/mine_turtlebot3_gazebo/share/mine_turtlebot3_gazebo/local_setup.bash
[0.706s] -- Installing: /home/xk/study/mine_slam/src/install/mine_turtlebot3_gazebo/share/mine_turtlebot3_gazebo/local_setup.sh
[0.706s] -- Installing: /home/xk/study/mine_slam/src/install/mine_turtlebot3_gazebo/share/mine_turtlebot3_gazebo/local_setup.zsh
[0.706s] -- Installing: /home/xk/study/mine_slam/src/install/mine_turtlebot3_gazebo/share/mine_turtlebot3_gazebo/local_setup.dsv
[0.706s] -- Installing: /home/xk/study/mine_slam/src/install/mine_turtlebot3_gazebo/share/mine_turtlebot3_gazebo/package.dsv
[0.706s] -- Installing: /home/xk/study/mine_slam/src/install/mine_turtlebot3_gazebo/share/ament_index/resource_index/packages/mine_turtlebot3_gazebo
[0.706s] -- Installing: /home/xk/study/mine_slam/src/install/mine_turtlebot3_gazebo/share/mine_turtlebot3_gazebo/cmake/mine_turtlebot3_gazeboConfig.cmake
[0.706s] -- Installing: /home/xk/study/mine_slam/src/install/mine_turtlebot3_gazebo/share/mine_turtlebot3_gazebo/cmake/mine_turtlebot3_gazeboConfig-version.cmake
[0.706s] -- Installing: /home/xk/study/mine_slam/src/install/mine_turtlebot3_gazebo/share/mine_turtlebot3_gazebo/package.xml
[0.824s] Invoked command in '/home/xk/study/mine_slam/src/build/mine_turtlebot3_gazebo' returned '0': CMAKE_PREFIX_PATH=${CMAKE_PREFIX_PATH}:/home/xk/study/mine_slam/install/autopatrol_robot:/home/xk/study/mine_slam/install/mine_aplication:/opt/ros/humble DEBUGINFOD_URLS=https://debuginfod.ubuntu.com /usr/bin/cmake --install /home/xk/study/mine_slam/src/build/mine_turtlebot3_gazebo
