[0.014s] Invoking command in '/home/xk/study/mine_slam/src/build/autopatrol_interfaces': CMAKE_PREFIX_PATH=${CMAKE_PREFIX_PATH}:/home/xk/study/mine_slam/install/autopatrol_robot:/home/xk/study/mine_slam/install/mine_aplication:/opt/ros/humble DEBUGINFOD_URLS=https://debuginfod.ubuntu.com /usr/bin/cmake /home/xk/study/mine_slam/src/autopatrol_interfaces -DCMAKE_INSTALL_PREFIX=/home/xk/study/mine_slam/src/install/autopatrol_interfaces
[0.153s] -- The C compiler identification is GNU 11.4.0
[0.236s] -- The CXX compiler identification is GNU 11.4.0
[0.244s] -- Detecting C compiler ABI info
[0.290s] -- Detecting C compiler ABI info - done
[0.295s] -- Check for working C compiler: /usr/bin/cc - skipped
[0.295s] -- Detecting C compile features
[0.295s] -- Detecting C compile features - done
[0.297s] -- Detecting CXX compiler ABI info
[0.344s] -- Detecting CXX compiler ABI info - done
[0.348s] -- Check for working CXX compiler: /usr/bin/c++ - skipped
[0.348s] -- Detecting CXX compile features
[0.348s] -- Detecting CXX compile features - done
[0.352s] -- Found ament_cmake: 1.3.12 (/opt/ros/humble/share/ament_cmake/cmake)
[0.447s] -- Found Python3: /usr/bin/python3 (found version "3.10.12") found components: Interpreter 
[0.511s] -- Found rosidl_default_generators: 1.2.0 (/opt/ros/humble/share/rosidl_default_generators/cmake)
[0.515s] -- Using all available rosidl_typesupport_c: rosidl_typesupport_fastrtps_c;rosidl_typesupport_introspection_c
[0.520s] -- Found rosidl_adapter: 3.1.7 (/opt/ros/humble/share/rosidl_adapter/cmake)
[0.558s] -- Using all available rosidl_typesupport_cpp: rosidl_typesupport_fastrtps_cpp;rosidl_typesupport_introspection_cpp
[0.588s] -- Found ament_lint_auto: 0.12.14 (/opt/ros/humble/share/ament_lint_auto/cmake)
[0.633s] -- Added test 'lint_cmake' to check CMake code style
[0.633s] -- Added test 'xmllint' to check XML markup files
[0.635s] -- Configuring done
[0.638s] -- Generating done
[0.640s] -- Build files have been written to: /home/xk/study/mine_slam/src/build/autopatrol_interfaces
[0.648s] Invoked command in '/home/xk/study/mine_slam/src/build/autopatrol_interfaces' returned '0': CMAKE_PREFIX_PATH=${CMAKE_PREFIX_PATH}:/home/xk/study/mine_slam/install/autopatrol_robot:/home/xk/study/mine_slam/install/mine_aplication:/opt/ros/humble DEBUGINFOD_URLS=https://debuginfod.ubuntu.com /usr/bin/cmake /home/xk/study/mine_slam/src/autopatrol_interfaces -DCMAKE_INSTALL_PREFIX=/home/xk/study/mine_slam/src/install/autopatrol_interfaces
[0.649s] Invoking command in '/home/xk/study/mine_slam/src/build/autopatrol_interfaces': CMAKE_PREFIX_PATH=${CMAKE_PREFIX_PATH}:/home/xk/study/mine_slam/install/autopatrol_robot:/home/xk/study/mine_slam/install/mine_aplication:/opt/ros/humble DEBUGINFOD_URLS=https://debuginfod.ubuntu.com /usr/bin/cmake --build /home/xk/study/mine_slam/src/build/autopatrol_interfaces -- -j16 -l16
[0.673s] Invoked command in '/home/xk/study/mine_slam/src/build/autopatrol_interfaces' returned '0': CMAKE_PREFIX_PATH=${CMAKE_PREFIX_PATH}:/home/xk/study/mine_slam/install/autopatrol_robot:/home/xk/study/mine_slam/install/mine_aplication:/opt/ros/humble DEBUGINFOD_URLS=https://debuginfod.ubuntu.com /usr/bin/cmake --build /home/xk/study/mine_slam/src/build/autopatrol_interfaces -- -j16 -l16
[0.674s] Invoking command in '/home/xk/study/mine_slam/src/build/autopatrol_interfaces': CMAKE_PREFIX_PATH=${CMAKE_PREFIX_PATH}:/home/xk/study/mine_slam/install/autopatrol_robot:/home/xk/study/mine_slam/install/mine_aplication:/opt/ros/humble DEBUGINFOD_URLS=https://debuginfod.ubuntu.com /usr/bin/cmake --install /home/xk/study/mine_slam/src/build/autopatrol_interfaces
[0.682s] -- Install configuration: ""
[0.682s] -- Installing: /home/xk/study/mine_slam/src/install/autopatrol_interfaces/share/ament_index/resource_index/package_run_dependencies/autopatrol_interfaces
[0.683s] -- Installing: /home/xk/study/mine_slam/src/install/autopatrol_interfaces/share/ament_index/resource_index/parent_prefix_path/autopatrol_interfaces
[0.683s] -- Installing: /home/xk/study/mine_slam/src/install/autopatrol_interfaces/share/autopatrol_interfaces/environment/ament_prefix_path.sh
[0.683s] -- Installing: /home/xk/study/mine_slam/src/install/autopatrol_interfaces/share/autopatrol_interfaces/environment/ament_prefix_path.dsv
[0.683s] -- Installing: /home/xk/study/mine_slam/src/install/autopatrol_interfaces/share/autopatrol_interfaces/environment/path.sh
[0.683s] -- Installing: /home/xk/study/mine_slam/src/install/autopatrol_interfaces/share/autopatrol_interfaces/environment/path.dsv
[0.683s] -- Installing: /home/xk/study/mine_slam/src/install/autopatrol_interfaces/share/autopatrol_interfaces/local_setup.bash
[0.683s] -- Installing: /home/xk/study/mine_slam/src/install/autopatrol_interfaces/share/autopatrol_interfaces/local_setup.sh
[0.683s] -- Installing: /home/xk/study/mine_slam/src/install/autopatrol_interfaces/share/autopatrol_interfaces/local_setup.zsh
[0.684s] -- Installing: /home/xk/study/mine_slam/src/install/autopatrol_interfaces/share/autopatrol_interfaces/local_setup.dsv
[0.684s] -- Installing: /home/xk/study/mine_slam/src/install/autopatrol_interfaces/share/autopatrol_interfaces/package.dsv
[0.684s] -- Installing: /home/xk/study/mine_slam/src/install/autopatrol_interfaces/share/ament_index/resource_index/packages/autopatrol_interfaces
[0.684s] -- Installing: /home/xk/study/mine_slam/src/install/autopatrol_interfaces/share/autopatrol_interfaces/cmake/autopatrol_interfacesConfig.cmake
[0.684s] -- Installing: /home/xk/study/mine_slam/src/install/autopatrol_interfaces/share/autopatrol_interfaces/cmake/autopatrol_interfacesConfig-version.cmake
[0.684s] -- Installing: /home/xk/study/mine_slam/src/install/autopatrol_interfaces/share/autopatrol_interfaces/package.xml
[0.686s] Invoked command in '/home/xk/study/mine_slam/src/build/autopatrol_interfaces' returned '0': CMAKE_PREFIX_PATH=${CMAKE_PREFIX_PATH}:/home/xk/study/mine_slam/install/autopatrol_robot:/home/xk/study/mine_slam/install/mine_aplication:/opt/ros/humble DEBUGINFOD_URLS=https://debuginfod.ubuntu.com /usr/bin/cmake --install /home/xk/study/mine_slam/src/build/autopatrol_interfaces
