[0.170s] DEBUG:colcon:Command line arguments: ['/usr/bin/colcon', 'build']
[0.170s] DEBUG:colcon:Parsed command line arguments: Namespace(log_base=None, log_level=None, verb_name='build', build_base='build', install_base='install', merge_install=False, symlink_install=False, test_result_base=None, continue_on_error=False, executor='parallel', parallel_workers=16, event_handlers=None, ignore_user_meta=False, metas=['./colcon.meta'], base_paths=['.'], packages_ignore=None, packages_ignore_regex=None, paths=None, packages_up_to=None, packages_up_to_regex=None, packages_above=None, packages_above_and_dependencies=None, packages_above_depth=None, packages_select_by_dep=None, packages_skip_by_dep=None, packages_skip_up_to=None, packages_select_build_failed=False, packages_skip_build_finished=False, packages_select_test_failures=False, packages_skip_test_passed=False, packages_select=None, packages_skip=None, packages_select_regex=None, packages_skip_regex=None, packages_start=None, packages_end=None, allow_overriding=[], cmake_args=None, cmake_target=None, cmake_target_skip_unavailable=False, cmake_clean_cache=False, cmake_clean_first=False, cmake_force_configure=False, ament_cmake_args=None, catkin_cmake_args=None, catkin_skip_building_tests=False, verb_parser=<colcon_defaults.argument_parser.defaults.DefaultArgumentsDecorator object at 0x7e04b2b3d9f0>, verb_extension=<colcon_core.verb.build.BuildVerb object at 0x7e04b2b3d420>, main=<bound method BuildVerb.main of <colcon_core.verb.build.BuildVerb object at 0x7e04b2b3d420>>)
[0.324s] Level 1:colcon.colcon_core.package_discovery:discover_packages(colcon_meta) check parameters
[0.324s] Level 1:colcon.colcon_core.package_discovery:discover_packages(recursive) check parameters
[0.324s] Level 1:colcon.colcon_core.package_discovery:discover_packages(ignore) check parameters
[0.324s] Level 1:colcon.colcon_core.package_discovery:discover_packages(path) check parameters
[0.324s] Level 1:colcon.colcon_core.package_discovery:discover_packages(colcon_meta) discover
[0.324s] Level 1:colcon.colcon_core.package_discovery:discover_packages(recursive) discover
[0.324s] INFO:colcon.colcon_core.package_discovery:Crawling recursively for packages in '/home/xk/study/mine_slam/src'
[0.324s] Level 1:colcon.colcon_core.package_identification:_identify(.) by extensions ['ignore', 'ignore_ament_install']
[0.324s] Level 1:colcon.colcon_core.package_identification:_identify(.) by extension 'ignore'
[0.324s] Level 1:colcon.colcon_core.package_identification:_identify(.) by extension 'ignore_ament_install'
[0.324s] Level 1:colcon.colcon_core.package_identification:_identify(.) by extensions ['colcon_pkg']
[0.324s] Level 1:colcon.colcon_core.package_identification:_identify(.) by extension 'colcon_pkg'
[0.324s] Level 1:colcon.colcon_core.package_identification:_identify(.) by extensions ['colcon_meta']
[0.324s] Level 1:colcon.colcon_core.package_identification:_identify(.) by extension 'colcon_meta'
[0.324s] Level 1:colcon.colcon_core.package_identification:_identify(.) by extensions ['ros']
[0.324s] Level 1:colcon.colcon_core.package_identification:_identify(.) by extension 'ros'
[0.333s] Level 1:colcon.colcon_core.package_identification:_identify(.) by extensions ['cmake', 'python']
[0.333s] Level 1:colcon.colcon_core.package_identification:_identify(.) by extension 'cmake'
[0.333s] Level 1:colcon.colcon_core.package_identification:_identify(.) by extension 'python'
[0.333s] Level 1:colcon.colcon_core.package_identification:_identify(.) by extensions ['python_setup_py']
[0.333s] Level 1:colcon.colcon_core.package_identification:_identify(.) by extension 'python_setup_py'
[0.333s] Level 1:colcon.colcon_core.package_identification:_identify(autopatrol_interfaces) by extensions ['ignore', 'ignore_ament_install']
[0.333s] Level 1:colcon.colcon_core.package_identification:_identify(autopatrol_interfaces) by extension 'ignore'
[0.333s] Level 1:colcon.colcon_core.package_identification:_identify(autopatrol_interfaces) by extension 'ignore_ament_install'
[0.333s] Level 1:colcon.colcon_core.package_identification:_identify(autopatrol_interfaces) by extensions ['colcon_pkg']
[0.333s] Level 1:colcon.colcon_core.package_identification:_identify(autopatrol_interfaces) by extension 'colcon_pkg'
[0.333s] Level 1:colcon.colcon_core.package_identification:_identify(autopatrol_interfaces) by extensions ['colcon_meta']
[0.333s] Level 1:colcon.colcon_core.package_identification:_identify(autopatrol_interfaces) by extension 'colcon_meta'
[0.333s] Level 1:colcon.colcon_core.package_identification:_identify(autopatrol_interfaces) by extensions ['ros']
[0.333s] Level 1:colcon.colcon_core.package_identification:_identify(autopatrol_interfaces) by extension 'ros'
[0.335s] DEBUG:colcon.colcon_core.package_identification:Package 'autopatrol_interfaces' with type 'ros.ament_cmake' and name 'autopatrol_interfaces'
[0.335s] Level 1:colcon.colcon_core.package_identification:_identify(autopatrol_robot) by extensions ['ignore', 'ignore_ament_install']
[0.335s] Level 1:colcon.colcon_core.package_identification:_identify(autopatrol_robot) by extension 'ignore'
[0.335s] Level 1:colcon.colcon_core.package_identification:_identify(autopatrol_robot) by extension 'ignore_ament_install'
[0.336s] Level 1:colcon.colcon_core.package_identification:_identify(autopatrol_robot) by extensions ['colcon_pkg']
[0.336s] Level 1:colcon.colcon_core.package_identification:_identify(autopatrol_robot) by extension 'colcon_pkg'
[0.336s] Level 1:colcon.colcon_core.package_identification:_identify(autopatrol_robot) by extensions ['colcon_meta']
[0.336s] Level 1:colcon.colcon_core.package_identification:_identify(autopatrol_robot) by extension 'colcon_meta'
[0.336s] Level 1:colcon.colcon_core.package_identification:_identify(autopatrol_robot) by extensions ['ros']
[0.336s] Level 1:colcon.colcon_core.package_identification:_identify(autopatrol_robot) by extension 'ros'
[0.336s] DEBUG:colcon.colcon_core.package_identification:Package 'autopatrol_robot' with type 'ros.ament_python' and name 'autopatrol_robot'
[0.336s] Level 1:colcon.colcon_core.package_identification:_identify(build) by extensions ['ignore', 'ignore_ament_install']
[0.336s] Level 1:colcon.colcon_core.package_identification:_identify(build) by extension 'ignore'
[0.336s] Level 1:colcon.colcon_core.package_identification:_identify(build) ignored
[0.336s] Level 1:colcon.colcon_core.package_identification:_identify(install) by extensions ['ignore', 'ignore_ament_install']
[0.336s] Level 1:colcon.colcon_core.package_identification:_identify(install) by extension 'ignore'
[0.336s] Level 1:colcon.colcon_core.package_identification:_identify(install) ignored
[0.336s] Level 1:colcon.colcon_core.package_identification:_identify(log) by extensions ['ignore', 'ignore_ament_install']
[0.336s] Level 1:colcon.colcon_core.package_identification:_identify(log) by extension 'ignore'
[0.336s] Level 1:colcon.colcon_core.package_identification:_identify(log) ignored
[0.337s] Level 1:colcon.colcon_core.package_identification:_identify(mine_aplication) by extensions ['ignore', 'ignore_ament_install']
[0.337s] Level 1:colcon.colcon_core.package_identification:_identify(mine_aplication) by extension 'ignore'
[0.337s] Level 1:colcon.colcon_core.package_identification:_identify(mine_aplication) by extension 'ignore_ament_install'
[0.337s] Level 1:colcon.colcon_core.package_identification:_identify(mine_aplication) by extensions ['colcon_pkg']
[0.337s] Level 1:colcon.colcon_core.package_identification:_identify(mine_aplication) by extension 'colcon_pkg'
[0.337s] Level 1:colcon.colcon_core.package_identification:_identify(mine_aplication) by extensions ['colcon_meta']
[0.337s] Level 1:colcon.colcon_core.package_identification:_identify(mine_aplication) by extension 'colcon_meta'
[0.337s] Level 1:colcon.colcon_core.package_identification:_identify(mine_aplication) by extensions ['ros']
[0.337s] Level 1:colcon.colcon_core.package_identification:_identify(mine_aplication) by extension 'ros'
[0.337s] DEBUG:colcon.colcon_core.package_identification:Package 'mine_aplication' with type 'ros.ament_python' and name 'mine_aplication'
[0.337s] Level 1:colcon.colcon_core.package_identification:_identify(mine_nav2) by extensions ['ignore', 'ignore_ament_install']
[0.337s] Level 1:colcon.colcon_core.package_identification:_identify(mine_nav2) by extension 'ignore'
[0.337s] Level 1:colcon.colcon_core.package_identification:_identify(mine_nav2) by extension 'ignore_ament_install'
[0.338s] Level 1:colcon.colcon_core.package_identification:_identify(mine_nav2) by extensions ['colcon_pkg']
[0.338s] Level 1:colcon.colcon_core.package_identification:_identify(mine_nav2) by extension 'colcon_pkg'
[0.338s] Level 1:colcon.colcon_core.package_identification:_identify(mine_nav2) by extensions ['colcon_meta']
[0.338s] Level 1:colcon.colcon_core.package_identification:_identify(mine_nav2) by extension 'colcon_meta'
[0.338s] Level 1:colcon.colcon_core.package_identification:_identify(mine_nav2) by extensions ['ros']
[0.338s] Level 1:colcon.colcon_core.package_identification:_identify(mine_nav2) by extension 'ros'
[0.338s] DEBUG:colcon.colcon_core.package_identification:Package 'mine_nav2' with type 'ros.ament_cmake' and name 'mine_nav2'
[0.338s] Level 1:colcon.colcon_core.package_identification:_identify(mine_turtlebot3_gazebo) by extensions ['ignore', 'ignore_ament_install']
[0.338s] Level 1:colcon.colcon_core.package_identification:_identify(mine_turtlebot3_gazebo) by extension 'ignore'
[0.338s] Level 1:colcon.colcon_core.package_identification:_identify(mine_turtlebot3_gazebo) by extension 'ignore_ament_install'
[0.338s] Level 1:colcon.colcon_core.package_identification:_identify(mine_turtlebot3_gazebo) by extensions ['colcon_pkg']
[0.338s] Level 1:colcon.colcon_core.package_identification:_identify(mine_turtlebot3_gazebo) by extension 'colcon_pkg'
[0.338s] Level 1:colcon.colcon_core.package_identification:_identify(mine_turtlebot3_gazebo) by extensions ['colcon_meta']
[0.338s] Level 1:colcon.colcon_core.package_identification:_identify(mine_turtlebot3_gazebo) by extension 'colcon_meta'
[0.338s] Level 1:colcon.colcon_core.package_identification:_identify(mine_turtlebot3_gazebo) by extensions ['ros']
[0.338s] Level 1:colcon.colcon_core.package_identification:_identify(mine_turtlebot3_gazebo) by extension 'ros'
[0.339s] DEBUG:colcon.colcon_core.package_identification:Package 'mine_turtlebot3_gazebo' with type 'ros.ament_cmake' and name 'mine_turtlebot3_gazebo'
[0.339s] Level 1:colcon.colcon_core.package_discovery:discover_packages(recursive) using defaults
[0.339s] Level 1:colcon.colcon_core.package_discovery:discover_packages(ignore) discover
[0.339s] Level 1:colcon.colcon_core.package_discovery:discover_packages(ignore) using defaults
[0.339s] Level 1:colcon.colcon_core.package_discovery:discover_packages(path) discover
[0.339s] Level 1:colcon.colcon_core.package_discovery:discover_packages(path) using defaults
[0.368s] Level 1:colcon.colcon_core.package_discovery:discover_packages(prefix_path) check parameters
[0.368s] Level 1:colcon.colcon_core.package_discovery:discover_packages(prefix_path) discover
[0.370s] DEBUG:colcon.colcon_installed_package_information.package_discovery:Found 4 installed packages in /home/xk/study/mine_slam/install
[0.371s] DEBUG:colcon.colcon_installed_package_information.package_discovery:Found 437 installed packages in /opt/ros/humble
[0.373s] Level 1:colcon.colcon_core.package_discovery:discover_packages(prefix_path) using defaults
[0.399s] Level 5:colcon.colcon_core.verb:set package 'autopatrol_interfaces' build argument 'cmake_args' from command line to 'None'
[0.399s] Level 5:colcon.colcon_core.verb:set package 'autopatrol_interfaces' build argument 'cmake_target' from command line to 'None'
[0.399s] Level 5:colcon.colcon_core.verb:set package 'autopatrol_interfaces' build argument 'cmake_target_skip_unavailable' from command line to 'False'
[0.399s] Level 5:colcon.colcon_core.verb:set package 'autopatrol_interfaces' build argument 'cmake_clean_cache' from command line to 'False'
[0.399s] Level 5:colcon.colcon_core.verb:set package 'autopatrol_interfaces' build argument 'cmake_clean_first' from command line to 'False'
[0.399s] Level 5:colcon.colcon_core.verb:set package 'autopatrol_interfaces' build argument 'cmake_force_configure' from command line to 'False'
[0.399s] Level 5:colcon.colcon_core.verb:set package 'autopatrol_interfaces' build argument 'ament_cmake_args' from command line to 'None'
[0.399s] Level 5:colcon.colcon_core.verb:set package 'autopatrol_interfaces' build argument 'catkin_cmake_args' from command line to 'None'
[0.399s] Level 5:colcon.colcon_core.verb:set package 'autopatrol_interfaces' build argument 'catkin_skip_building_tests' from command line to 'False'
[0.399s] DEBUG:colcon.colcon_core.verb:Building package 'autopatrol_interfaces' with the following arguments: {'ament_cmake_args': None, 'build_base': '/home/xk/study/mine_slam/src/build/autopatrol_interfaces', 'catkin_cmake_args': None, 'catkin_skip_building_tests': False, 'cmake_args': None, 'cmake_clean_cache': False, 'cmake_clean_first': False, 'cmake_force_configure': False, 'cmake_target': None, 'cmake_target_skip_unavailable': False, 'install_base': '/home/xk/study/mine_slam/src/install/autopatrol_interfaces', 'merge_install': False, 'path': '/home/xk/study/mine_slam/src/autopatrol_interfaces', 'symlink_install': False, 'test_result_base': None}
[0.399s] Level 5:colcon.colcon_core.verb:set package 'mine_aplication' build argument 'cmake_args' from command line to 'None'
[0.399s] Level 5:colcon.colcon_core.verb:set package 'mine_aplication' build argument 'cmake_target' from command line to 'None'
[0.399s] Level 5:colcon.colcon_core.verb:set package 'mine_aplication' build argument 'cmake_target_skip_unavailable' from command line to 'False'
[0.399s] Level 5:colcon.colcon_core.verb:set package 'mine_aplication' build argument 'cmake_clean_cache' from command line to 'False'
[0.399s] Level 5:colcon.colcon_core.verb:set package 'mine_aplication' build argument 'cmake_clean_first' from command line to 'False'
[0.399s] Level 5:colcon.colcon_core.verb:set package 'mine_aplication' build argument 'cmake_force_configure' from command line to 'False'
[0.399s] Level 5:colcon.colcon_core.verb:set package 'mine_aplication' build argument 'ament_cmake_args' from command line to 'None'
[0.399s] Level 5:colcon.colcon_core.verb:set package 'mine_aplication' build argument 'catkin_cmake_args' from command line to 'None'
[0.399s] Level 5:colcon.colcon_core.verb:set package 'mine_aplication' build argument 'catkin_skip_building_tests' from command line to 'False'
[0.399s] DEBUG:colcon.colcon_core.verb:Building package 'mine_aplication' with the following arguments: {'ament_cmake_args': None, 'build_base': '/home/xk/study/mine_slam/src/build/mine_aplication', 'catkin_cmake_args': None, 'catkin_skip_building_tests': False, 'cmake_args': None, 'cmake_clean_cache': False, 'cmake_clean_first': False, 'cmake_force_configure': False, 'cmake_target': None, 'cmake_target_skip_unavailable': False, 'install_base': '/home/xk/study/mine_slam/src/install/mine_aplication', 'merge_install': False, 'path': '/home/xk/study/mine_slam/src/mine_aplication', 'symlink_install': False, 'test_result_base': None}
[0.399s] Level 5:colcon.colcon_core.verb:set package 'mine_nav2' build argument 'cmake_args' from command line to 'None'
[0.399s] Level 5:colcon.colcon_core.verb:set package 'mine_nav2' build argument 'cmake_target' from command line to 'None'
[0.399s] Level 5:colcon.colcon_core.verb:set package 'mine_nav2' build argument 'cmake_target_skip_unavailable' from command line to 'False'
[0.399s] Level 5:colcon.colcon_core.verb:set package 'mine_nav2' build argument 'cmake_clean_cache' from command line to 'False'
[0.399s] Level 5:colcon.colcon_core.verb:set package 'mine_nav2' build argument 'cmake_clean_first' from command line to 'False'
[0.399s] Level 5:colcon.colcon_core.verb:set package 'mine_nav2' build argument 'cmake_force_configure' from command line to 'False'
[0.399s] Level 5:colcon.colcon_core.verb:set package 'mine_nav2' build argument 'ament_cmake_args' from command line to 'None'
[0.399s] Level 5:colcon.colcon_core.verb:set package 'mine_nav2' build argument 'catkin_cmake_args' from command line to 'None'
[0.399s] Level 5:colcon.colcon_core.verb:set package 'mine_nav2' build argument 'catkin_skip_building_tests' from command line to 'False'
[0.399s] DEBUG:colcon.colcon_core.verb:Building package 'mine_nav2' with the following arguments: {'ament_cmake_args': None, 'build_base': '/home/xk/study/mine_slam/src/build/mine_nav2', 'catkin_cmake_args': None, 'catkin_skip_building_tests': False, 'cmake_args': None, 'cmake_clean_cache': False, 'cmake_clean_first': False, 'cmake_force_configure': False, 'cmake_target': None, 'cmake_target_skip_unavailable': False, 'install_base': '/home/xk/study/mine_slam/src/install/mine_nav2', 'merge_install': False, 'path': '/home/xk/study/mine_slam/src/mine_nav2', 'symlink_install': False, 'test_result_base': None}
[0.399s] Level 5:colcon.colcon_core.verb:set package 'mine_turtlebot3_gazebo' build argument 'cmake_args' from command line to 'None'
[0.399s] Level 5:colcon.colcon_core.verb:set package 'mine_turtlebot3_gazebo' build argument 'cmake_target' from command line to 'None'
[0.399s] Level 5:colcon.colcon_core.verb:set package 'mine_turtlebot3_gazebo' build argument 'cmake_target_skip_unavailable' from command line to 'False'
[0.399s] Level 5:colcon.colcon_core.verb:set package 'mine_turtlebot3_gazebo' build argument 'cmake_clean_cache' from command line to 'False'
[0.399s] Level 5:colcon.colcon_core.verb:set package 'mine_turtlebot3_gazebo' build argument 'cmake_clean_first' from command line to 'False'
[0.399s] Level 5:colcon.colcon_core.verb:set package 'mine_turtlebot3_gazebo' build argument 'cmake_force_configure' from command line to 'False'
[0.399s] Level 5:colcon.colcon_core.verb:set package 'mine_turtlebot3_gazebo' build argument 'ament_cmake_args' from command line to 'None'
[0.399s] Level 5:colcon.colcon_core.verb:set package 'mine_turtlebot3_gazebo' build argument 'catkin_cmake_args' from command line to 'None'
[0.399s] Level 5:colcon.colcon_core.verb:set package 'mine_turtlebot3_gazebo' build argument 'catkin_skip_building_tests' from command line to 'False'
[0.400s] DEBUG:colcon.colcon_core.verb:Building package 'mine_turtlebot3_gazebo' with the following arguments: {'ament_cmake_args': None, 'build_base': '/home/xk/study/mine_slam/src/build/mine_turtlebot3_gazebo', 'catkin_cmake_args': None, 'catkin_skip_building_tests': False, 'cmake_args': None, 'cmake_clean_cache': False, 'cmake_clean_first': False, 'cmake_force_configure': False, 'cmake_target': None, 'cmake_target_skip_unavailable': False, 'install_base': '/home/xk/study/mine_slam/src/install/mine_turtlebot3_gazebo', 'merge_install': False, 'path': '/home/xk/study/mine_slam/src/mine_turtlebot3_gazebo', 'symlink_install': False, 'test_result_base': None}
[0.400s] Level 5:colcon.colcon_core.verb:set package 'autopatrol_robot' build argument 'cmake_args' from command line to 'None'
[0.400s] Level 5:colcon.colcon_core.verb:set package 'autopatrol_robot' build argument 'cmake_target' from command line to 'None'
[0.400s] Level 5:colcon.colcon_core.verb:set package 'autopatrol_robot' build argument 'cmake_target_skip_unavailable' from command line to 'False'
[0.400s] Level 5:colcon.colcon_core.verb:set package 'autopatrol_robot' build argument 'cmake_clean_cache' from command line to 'False'
[0.400s] Level 5:colcon.colcon_core.verb:set package 'autopatrol_robot' build argument 'cmake_clean_first' from command line to 'False'
[0.400s] Level 5:colcon.colcon_core.verb:set package 'autopatrol_robot' build argument 'cmake_force_configure' from command line to 'False'
[0.400s] Level 5:colcon.colcon_core.verb:set package 'autopatrol_robot' build argument 'ament_cmake_args' from command line to 'None'
[0.400s] Level 5:colcon.colcon_core.verb:set package 'autopatrol_robot' build argument 'catkin_cmake_args' from command line to 'None'
[0.400s] Level 5:colcon.colcon_core.verb:set package 'autopatrol_robot' build argument 'catkin_skip_building_tests' from command line to 'False'
[0.400s] DEBUG:colcon.colcon_core.verb:Building package 'autopatrol_robot' with the following arguments: {'ament_cmake_args': None, 'build_base': '/home/xk/study/mine_slam/src/build/autopatrol_robot', 'catkin_cmake_args': None, 'catkin_skip_building_tests': False, 'cmake_args': None, 'cmake_clean_cache': False, 'cmake_clean_first': False, 'cmake_force_configure': False, 'cmake_target': None, 'cmake_target_skip_unavailable': False, 'install_base': '/home/xk/study/mine_slam/src/install/autopatrol_robot', 'merge_install': False, 'path': '/home/xk/study/mine_slam/src/autopatrol_robot', 'symlink_install': False, 'test_result_base': None}
[0.400s] INFO:colcon.colcon_core.executor:Executing jobs using 'parallel' executor
[0.400s] DEBUG:colcon.colcon_parallel_executor.executor.parallel:run_until_complete
[0.401s] INFO:colcon.colcon_ros.task.ament_cmake.build:Building ROS package in '/home/xk/study/mine_slam/src/autopatrol_interfaces' with build type 'ament_cmake'
[0.401s] INFO:colcon.colcon_cmake.task.cmake.build:Building CMake package in '/home/xk/study/mine_slam/src/autopatrol_interfaces'
[0.403s] INFO:colcon.colcon_core.plugin_system:Skipping extension 'colcon_core.shell.bat': Not used on non-Windows systems
[0.404s] INFO:colcon.colcon_core.shell:Skip shell extension 'powershell' for command environment: Not usable outside of PowerShell
[0.404s] DEBUG:colcon.colcon_core.shell:Skip shell extension 'dsv' for command environment
[0.406s] INFO:colcon.colcon_ros.task.ament_python.build:Building ROS package in '/home/xk/study/mine_slam/src/mine_aplication' with build type 'ament_python'
[0.406s] Level 1:colcon.colcon_core.shell:create_environment_hook('mine_aplication', 'ament_prefix_path')
[0.406s] INFO:colcon.colcon_core.shell:Creating environment hook '/home/xk/study/mine_slam/src/install/mine_aplication/share/mine_aplication/hook/ament_prefix_path.ps1'
[0.406s] INFO:colcon.colcon_core.shell:Creating environment descriptor '/home/xk/study/mine_slam/src/install/mine_aplication/share/mine_aplication/hook/ament_prefix_path.dsv'
[0.407s] INFO:colcon.colcon_core.shell:Creating environment hook '/home/xk/study/mine_slam/src/install/mine_aplication/share/mine_aplication/hook/ament_prefix_path.sh'
[0.407s] INFO:colcon.colcon_core.shell:Skip shell extension 'powershell' for command environment: Not usable outside of PowerShell
[0.407s] DEBUG:colcon.colcon_core.shell:Skip shell extension 'dsv' for command environment
[0.409s] INFO:colcon.colcon_ros.task.ament_cmake.build:Building ROS package in '/home/xk/study/mine_slam/src/mine_nav2' with build type 'ament_cmake'
[0.409s] INFO:colcon.colcon_cmake.task.cmake.build:Building CMake package in '/home/xk/study/mine_slam/src/mine_nav2'
[0.409s] INFO:colcon.colcon_core.shell:Skip shell extension 'powershell' for command environment: Not usable outside of PowerShell
[0.409s] DEBUG:colcon.colcon_core.shell:Skip shell extension 'dsv' for command environment
[0.411s] INFO:colcon.colcon_ros.task.ament_cmake.build:Building ROS package in '/home/xk/study/mine_slam/src/mine_turtlebot3_gazebo' with build type 'ament_cmake'
[0.411s] INFO:colcon.colcon_cmake.task.cmake.build:Building CMake package in '/home/xk/study/mine_slam/src/mine_turtlebot3_gazebo'
[0.411s] INFO:colcon.colcon_core.shell:Skip shell extension 'powershell' for command environment: Not usable outside of PowerShell
[0.411s] DEBUG:colcon.colcon_core.shell:Skip shell extension 'dsv' for command environment
[0.415s] DEBUG:colcon.colcon_core.event_handler.log_command:Invoking command in '/home/xk/study/mine_slam/src/build/autopatrol_interfaces': CMAKE_PREFIX_PATH=${CMAKE_PREFIX_PATH}:/home/xk/study/mine_slam/install/autopatrol_robot:/home/xk/study/mine_slam/install/mine_aplication:/opt/ros/humble DEBUGINFOD_URLS=https://debuginfod.ubuntu.com /usr/bin/cmake /home/xk/study/mine_slam/src/autopatrol_interfaces -DCMAKE_INSTALL_PREFIX=/home/xk/study/mine_slam/src/install/autopatrol_interfaces
[0.547s] INFO:colcon.colcon_core.task.python.build:Building Python package in '/home/xk/study/mine_slam/src/mine_aplication'
[0.547s] INFO:colcon.colcon_core.shell:Skip shell extension 'powershell' for command environment: Not usable outside of PowerShell
[0.548s] DEBUG:colcon.colcon_core.shell:Skip shell extension 'dsv' for command environment
[0.551s] DEBUG:colcon.colcon_core.event_handler.log_command:Invoking command in '/home/xk/study/mine_slam/src/build/mine_nav2': CMAKE_PREFIX_PATH=${CMAKE_PREFIX_PATH}:/home/xk/study/mine_slam/install/autopatrol_robot:/home/xk/study/mine_slam/install/mine_aplication:/opt/ros/humble DEBUGINFOD_URLS=https://debuginfod.ubuntu.com /usr/bin/cmake /home/xk/study/mine_slam/src/mine_nav2 -DCMAKE_INSTALL_PREFIX=/home/xk/study/mine_slam/src/install/mine_nav2
[0.553s] DEBUG:colcon.colcon_core.event_handler.log_command:Invoking command in '/home/xk/study/mine_slam/src/build/mine_turtlebot3_gazebo': CMAKE_PREFIX_PATH=${CMAKE_PREFIX_PATH}:/home/xk/study/mine_slam/install/autopatrol_robot:/home/xk/study/mine_slam/install/mine_aplication:/opt/ros/humble DEBUGINFOD_URLS=https://debuginfod.ubuntu.com /usr/bin/cmake /home/xk/study/mine_slam/src/mine_turtlebot3_gazebo -DCMAKE_INSTALL_PREFIX=/home/xk/study/mine_slam/src/install/mine_turtlebot3_gazebo
[0.821s] DEBUG:colcon.colcon_core.event_handler.log_command:Invoking command in '/home/xk/study/mine_slam/src/mine_aplication': DEBUGINFOD_URLS=https://debuginfod.ubuntu.com PYTHONPATH=/home/xk/study/mine_slam/src/build/mine_aplication/prefix_override:/usr/lib/python3/dist-packages/colcon_core/task/python/colcon_distutils_commands:/home/xk/study/mine_slam/src/install/mine_aplication/lib/python3.10/site-packages:${PYTHONPATH} /usr/bin/python3 -W ignore:setup.py install is deprecated -W ignore:easy_install command is deprecated setup.py egg_info --egg-base ../build/mine_aplication build --build-base /home/xk/study/mine_slam/src/build/mine_aplication/build install --record /home/xk/study/mine_slam/src/build/mine_aplication/install.log --single-version-externally-managed install_data
[0.960s] DEBUG:colcon.colcon_core.event_handler.log_command:Invoked command in '/home/xk/study/mine_slam/src/build/mine_turtlebot3_gazebo' returned '0': CMAKE_PREFIX_PATH=${CMAKE_PREFIX_PATH}:/home/xk/study/mine_slam/install/autopatrol_robot:/home/xk/study/mine_slam/install/mine_aplication:/opt/ros/humble DEBUGINFOD_URLS=https://debuginfod.ubuntu.com /usr/bin/cmake /home/xk/study/mine_slam/src/mine_turtlebot3_gazebo -DCMAKE_INSTALL_PREFIX=/home/xk/study/mine_slam/src/install/mine_turtlebot3_gazebo
[0.961s] DEBUG:colcon.colcon_core.event_handler.log_command:Invoking command in '/home/xk/study/mine_slam/src/build/mine_turtlebot3_gazebo': CMAKE_PREFIX_PATH=${CMAKE_PREFIX_PATH}:/home/xk/study/mine_slam/install/autopatrol_robot:/home/xk/study/mine_slam/install/mine_aplication:/opt/ros/humble DEBUGINFOD_URLS=https://debuginfod.ubuntu.com /usr/bin/cmake --build /home/xk/study/mine_slam/src/build/mine_turtlebot3_gazebo -- -j16 -l16
[0.966s] DEBUG:colcon.colcon_core.event_handler.log_command:Invoked command in '/home/xk/study/mine_slam/src/build/mine_nav2' returned '0': CMAKE_PREFIX_PATH=${CMAKE_PREFIX_PATH}:/home/xk/study/mine_slam/install/autopatrol_robot:/home/xk/study/mine_slam/install/mine_aplication:/opt/ros/humble DEBUGINFOD_URLS=https://debuginfod.ubuntu.com /usr/bin/cmake /home/xk/study/mine_slam/src/mine_nav2 -DCMAKE_INSTALL_PREFIX=/home/xk/study/mine_slam/src/install/mine_nav2
[0.967s] DEBUG:colcon.colcon_core.event_handler.log_command:Invoking command in '/home/xk/study/mine_slam/src/build/mine_nav2': CMAKE_PREFIX_PATH=${CMAKE_PREFIX_PATH}:/home/xk/study/mine_slam/install/autopatrol_robot:/home/xk/study/mine_slam/install/mine_aplication:/opt/ros/humble DEBUGINFOD_URLS=https://debuginfod.ubuntu.com /usr/bin/cmake --build /home/xk/study/mine_slam/src/build/mine_nav2 -- -j16 -l16
[0.975s] DEBUG:colcon.colcon_core.event_handler.log_command:Invoked command in '/home/xk/study/mine_slam/src/mine_aplication' returned '0': DEBUGINFOD_URLS=https://debuginfod.ubuntu.com PYTHONPATH=/home/xk/study/mine_slam/src/build/mine_aplication/prefix_override:/usr/lib/python3/dist-packages/colcon_core/task/python/colcon_distutils_commands:/home/xk/study/mine_slam/src/install/mine_aplication/lib/python3.10/site-packages:${PYTHONPATH} /usr/bin/python3 -W ignore:setup.py install is deprecated -W ignore:easy_install command is deprecated setup.py egg_info --egg-base ../build/mine_aplication build --build-base /home/xk/study/mine_slam/src/build/mine_aplication/build install --record /home/xk/study/mine_slam/src/build/mine_aplication/install.log --single-version-externally-managed install_data
[0.979s] Level 1:colcon.colcon_core.environment:checking '/home/xk/study/mine_slam/src/install/mine_aplication' for CMake module files
[0.979s] Level 1:colcon.colcon_core.environment:checking '/home/xk/study/mine_slam/src/install/mine_aplication' for CMake config files
[0.980s] Level 1:colcon.colcon_core.environment:checking '/home/xk/study/mine_slam/src/install/mine_aplication/lib'
[0.980s] Level 1:colcon.colcon_core.environment:checking '/home/xk/study/mine_slam/src/install/mine_aplication/bin'
[0.980s] Level 1:colcon.colcon_core.environment:checking '/home/xk/study/mine_slam/src/install/mine_aplication/lib/pkgconfig/mine_aplication.pc'
[0.980s] Level 1:colcon.colcon_core.environment:checking '/home/xk/study/mine_slam/src/install/mine_aplication/lib/python3.10/site-packages'
[0.980s] Level 1:colcon.colcon_core.shell:create_environment_hook('mine_aplication', 'pythonpath')
[0.981s] INFO:colcon.colcon_core.shell:Creating environment hook '/home/xk/study/mine_slam/src/install/mine_aplication/share/mine_aplication/hook/pythonpath.ps1'
[0.981s] INFO:colcon.colcon_core.shell:Creating environment descriptor '/home/xk/study/mine_slam/src/install/mine_aplication/share/mine_aplication/hook/pythonpath.dsv'
[0.981s] INFO:colcon.colcon_core.shell:Creating environment hook '/home/xk/study/mine_slam/src/install/mine_aplication/share/mine_aplication/hook/pythonpath.sh'
[0.981s] Level 1:colcon.colcon_core.environment:checking '/home/xk/study/mine_slam/src/install/mine_aplication/bin'
[0.981s] Level 1:colcon.colcon_core.environment:create_environment_scripts_only(mine_aplication)
[0.981s] INFO:colcon.colcon_core.shell:Creating package script '/home/xk/study/mine_slam/src/install/mine_aplication/share/mine_aplication/package.ps1'
[0.982s] INFO:colcon.colcon_core.shell:Creating package descriptor '/home/xk/study/mine_slam/src/install/mine_aplication/share/mine_aplication/package.dsv'
[0.982s] INFO:colcon.colcon_core.shell:Creating package script '/home/xk/study/mine_slam/src/install/mine_aplication/share/mine_aplication/package.sh'
[0.983s] INFO:colcon.colcon_core.shell:Creating package script '/home/xk/study/mine_slam/src/install/mine_aplication/share/mine_aplication/package.bash'
[0.983s] INFO:colcon.colcon_core.shell:Creating package script '/home/xk/study/mine_slam/src/install/mine_aplication/share/mine_aplication/package.zsh'
[0.984s] Level 1:colcon.colcon_core.environment:create_file_with_runtime_dependencies(/home/xk/study/mine_slam/src/install/mine_aplication/share/colcon-core/packages/mine_aplication)
[0.985s] DEBUG:colcon.colcon_core.event_handler.log_command:Invoked command in '/home/xk/study/mine_slam/src/build/mine_turtlebot3_gazebo' returned '0': CMAKE_PREFIX_PATH=${CMAKE_PREFIX_PATH}:/home/xk/study/mine_slam/install/autopatrol_robot:/home/xk/study/mine_slam/install/mine_aplication:/opt/ros/humble DEBUGINFOD_URLS=https://debuginfod.ubuntu.com /usr/bin/cmake --build /home/xk/study/mine_slam/src/build/mine_turtlebot3_gazebo -- -j16 -l16
[0.990s] DEBUG:colcon.colcon_core.event_handler.log_command:Invoking command in '/home/xk/study/mine_slam/src/build/mine_turtlebot3_gazebo': CMAKE_PREFIX_PATH=${CMAKE_PREFIX_PATH}:/home/xk/study/mine_slam/install/autopatrol_robot:/home/xk/study/mine_slam/install/mine_aplication:/opt/ros/humble DEBUGINFOD_URLS=https://debuginfod.ubuntu.com /usr/bin/cmake --install /home/xk/study/mine_slam/src/build/mine_turtlebot3_gazebo
[0.991s] DEBUG:colcon.colcon_core.event_handler.log_command:Invoked command in '/home/xk/study/mine_slam/src/build/mine_nav2' returned '0': CMAKE_PREFIX_PATH=${CMAKE_PREFIX_PATH}:/home/xk/study/mine_slam/install/autopatrol_robot:/home/xk/study/mine_slam/install/mine_aplication:/opt/ros/humble DEBUGINFOD_URLS=https://debuginfod.ubuntu.com /usr/bin/cmake --build /home/xk/study/mine_slam/src/build/mine_nav2 -- -j16 -l16
[0.992s] DEBUG:colcon.colcon_core.event_handler.log_command:Invoking command in '/home/xk/study/mine_slam/src/build/mine_nav2': CMAKE_PREFIX_PATH=${CMAKE_PREFIX_PATH}:/home/xk/study/mine_slam/install/autopatrol_robot:/home/xk/study/mine_slam/install/mine_aplication:/opt/ros/humble DEBUGINFOD_URLS=https://debuginfod.ubuntu.com /usr/bin/cmake --install /home/xk/study/mine_slam/src/build/mine_nav2
[1.001s] Level 1:colcon.colcon_core.environment:create_environment_scripts_only(mine_nav2)
[1.001s] DEBUG:colcon.colcon_core.event_handler.log_command:Invoked command in '/home/xk/study/mine_slam/src/build/mine_nav2' returned '0': CMAKE_PREFIX_PATH=${CMAKE_PREFIX_PATH}:/home/xk/study/mine_slam/install/autopatrol_robot:/home/xk/study/mine_slam/install/mine_aplication:/opt/ros/humble DEBUGINFOD_URLS=https://debuginfod.ubuntu.com /usr/bin/cmake --install /home/xk/study/mine_slam/src/build/mine_nav2
[1.001s] Level 1:colcon.colcon_core.environment:checking '/home/xk/study/mine_slam/src/install/mine_nav2' for CMake module files
[1.002s] Level 1:colcon.colcon_core.environment:checking '/home/xk/study/mine_slam/src/install/mine_nav2' for CMake config files
[1.003s] Level 1:colcon.colcon_core.shell:create_environment_hook('mine_nav2', 'cmake_prefix_path')
[1.003s] INFO:colcon.colcon_core.shell:Creating environment hook '/home/xk/study/mine_slam/src/install/mine_nav2/share/mine_nav2/hook/cmake_prefix_path.ps1'
[1.003s] INFO:colcon.colcon_core.shell:Creating environment descriptor '/home/xk/study/mine_slam/src/install/mine_nav2/share/mine_nav2/hook/cmake_prefix_path.dsv'
[1.004s] INFO:colcon.colcon_core.shell:Creating environment hook '/home/xk/study/mine_slam/src/install/mine_nav2/share/mine_nav2/hook/cmake_prefix_path.sh'
[1.004s] Level 1:colcon.colcon_core.environment:checking '/home/xk/study/mine_slam/src/install/mine_nav2/bin'
[1.005s] Level 1:colcon.colcon_core.environment:checking '/home/xk/study/mine_slam/src/install/mine_nav2/lib/pkgconfig/mine_nav2.pc'
[1.005s] Level 1:colcon.colcon_core.environment:checking '/home/xk/study/mine_slam/src/install/mine_nav2/lib/python3.10/site-packages'
[1.005s] Level 1:colcon.colcon_core.environment:checking '/home/xk/study/mine_slam/src/install/mine_nav2/bin'
[1.006s] INFO:colcon.colcon_core.shell:Creating package script '/home/xk/study/mine_slam/src/install/mine_nav2/share/mine_nav2/package.ps1'
[1.006s] INFO:colcon.colcon_core.shell:Creating package descriptor '/home/xk/study/mine_slam/src/install/mine_nav2/share/mine_nav2/package.dsv'
[1.006s] INFO:colcon.colcon_core.shell:Creating package script '/home/xk/study/mine_slam/src/install/mine_nav2/share/mine_nav2/package.sh'
[1.006s] INFO:colcon.colcon_core.shell:Creating package script '/home/xk/study/mine_slam/src/install/mine_nav2/share/mine_nav2/package.bash'
[1.007s] INFO:colcon.colcon_core.shell:Creating package script '/home/xk/study/mine_slam/src/install/mine_nav2/share/mine_nav2/package.zsh'
[1.007s] Level 1:colcon.colcon_core.environment:create_file_with_runtime_dependencies(/home/xk/study/mine_slam/src/install/mine_nav2/share/colcon-core/packages/mine_nav2)
[1.007s] Level 1:colcon.colcon_core.environment:create_environment_scripts_only(mine_nav2)
[1.007s] Level 1:colcon.colcon_core.environment:checking '/home/xk/study/mine_slam/src/install/mine_nav2' for CMake module files
[1.008s] Level 1:colcon.colcon_core.environment:checking '/home/xk/study/mine_slam/src/install/mine_nav2' for CMake config files
[1.008s] Level 1:colcon.colcon_core.shell:create_environment_hook('mine_nav2', 'cmake_prefix_path')
[1.008s] INFO:colcon.colcon_core.shell:Creating environment hook '/home/xk/study/mine_slam/src/install/mine_nav2/share/mine_nav2/hook/cmake_prefix_path.ps1'
[1.008s] INFO:colcon.colcon_core.shell:Creating environment descriptor '/home/xk/study/mine_slam/src/install/mine_nav2/share/mine_nav2/hook/cmake_prefix_path.dsv'
[1.009s] INFO:colcon.colcon_core.shell:Creating environment hook '/home/xk/study/mine_slam/src/install/mine_nav2/share/mine_nav2/hook/cmake_prefix_path.sh'
[1.009s] Level 1:colcon.colcon_core.environment:checking '/home/xk/study/mine_slam/src/install/mine_nav2/bin'
[1.009s] Level 1:colcon.colcon_core.environment:checking '/home/xk/study/mine_slam/src/install/mine_nav2/lib/pkgconfig/mine_nav2.pc'
[1.009s] Level 1:colcon.colcon_core.environment:checking '/home/xk/study/mine_slam/src/install/mine_nav2/lib/python3.10/site-packages'
[1.009s] Level 1:colcon.colcon_core.environment:checking '/home/xk/study/mine_slam/src/install/mine_nav2/bin'
[1.009s] INFO:colcon.colcon_core.shell:Creating package script '/home/xk/study/mine_slam/src/install/mine_nav2/share/mine_nav2/package.ps1'
[1.010s] INFO:colcon.colcon_core.shell:Creating package descriptor '/home/xk/study/mine_slam/src/install/mine_nav2/share/mine_nav2/package.dsv'
[1.010s] INFO:colcon.colcon_core.shell:Creating package script '/home/xk/study/mine_slam/src/install/mine_nav2/share/mine_nav2/package.sh'
[1.010s] INFO:colcon.colcon_core.shell:Creating package script '/home/xk/study/mine_slam/src/install/mine_nav2/share/mine_nav2/package.bash'
[1.010s] INFO:colcon.colcon_core.shell:Creating package script '/home/xk/study/mine_slam/src/install/mine_nav2/share/mine_nav2/package.zsh'
[1.011s] Level 1:colcon.colcon_core.environment:create_file_with_runtime_dependencies(/home/xk/study/mine_slam/src/install/mine_nav2/share/colcon-core/packages/mine_nav2)
[1.049s] DEBUG:colcon.colcon_core.event_handler.log_command:Invoked command in '/home/xk/study/mine_slam/src/build/autopatrol_interfaces' returned '0': CMAKE_PREFIX_PATH=${CMAKE_PREFIX_PATH}:/home/xk/study/mine_slam/install/autopatrol_robot:/home/xk/study/mine_slam/install/mine_aplication:/opt/ros/humble DEBUGINFOD_URLS=https://debuginfod.ubuntu.com /usr/bin/cmake /home/xk/study/mine_slam/src/autopatrol_interfaces -DCMAKE_INSTALL_PREFIX=/home/xk/study/mine_slam/src/install/autopatrol_interfaces
[1.050s] DEBUG:colcon.colcon_core.event_handler.log_command:Invoking command in '/home/xk/study/mine_slam/src/build/autopatrol_interfaces': CMAKE_PREFIX_PATH=${CMAKE_PREFIX_PATH}:/home/xk/study/mine_slam/install/autopatrol_robot:/home/xk/study/mine_slam/install/mine_aplication:/opt/ros/humble DEBUGINFOD_URLS=https://debuginfod.ubuntu.com /usr/bin/cmake --build /home/xk/study/mine_slam/src/build/autopatrol_interfaces -- -j16 -l16
[1.074s] DEBUG:colcon.colcon_core.event_handler.log_command:Invoked command in '/home/xk/study/mine_slam/src/build/autopatrol_interfaces' returned '0': CMAKE_PREFIX_PATH=${CMAKE_PREFIX_PATH}:/home/xk/study/mine_slam/install/autopatrol_robot:/home/xk/study/mine_slam/install/mine_aplication:/opt/ros/humble DEBUGINFOD_URLS=https://debuginfod.ubuntu.com /usr/bin/cmake --build /home/xk/study/mine_slam/src/build/autopatrol_interfaces -- -j16 -l16
[1.076s] DEBUG:colcon.colcon_core.event_handler.log_command:Invoking command in '/home/xk/study/mine_slam/src/build/autopatrol_interfaces': CMAKE_PREFIX_PATH=${CMAKE_PREFIX_PATH}:/home/xk/study/mine_slam/install/autopatrol_robot:/home/xk/study/mine_slam/install/mine_aplication:/opt/ros/humble DEBUGINFOD_URLS=https://debuginfod.ubuntu.com /usr/bin/cmake --install /home/xk/study/mine_slam/src/build/autopatrol_interfaces
[1.086s] Level 1:colcon.colcon_core.environment:create_environment_scripts_only(autopatrol_interfaces)
[1.087s] Level 1:colcon.colcon_core.environment:checking '/home/xk/study/mine_slam/src/install/autopatrol_interfaces' for CMake module files
[1.087s] DEBUG:colcon.colcon_core.event_handler.log_command:Invoked command in '/home/xk/study/mine_slam/src/build/autopatrol_interfaces' returned '0': CMAKE_PREFIX_PATH=${CMAKE_PREFIX_PATH}:/home/xk/study/mine_slam/install/autopatrol_robot:/home/xk/study/mine_slam/install/mine_aplication:/opt/ros/humble DEBUGINFOD_URLS=https://debuginfod.ubuntu.com /usr/bin/cmake --install /home/xk/study/mine_slam/src/build/autopatrol_interfaces
[1.088s] Level 1:colcon.colcon_core.environment:checking '/home/xk/study/mine_slam/src/install/autopatrol_interfaces' for CMake config files
[1.088s] Level 1:colcon.colcon_core.shell:create_environment_hook('autopatrol_interfaces', 'cmake_prefix_path')
[1.088s] INFO:colcon.colcon_core.shell:Creating environment hook '/home/xk/study/mine_slam/src/install/autopatrol_interfaces/share/autopatrol_interfaces/hook/cmake_prefix_path.ps1'
[1.088s] INFO:colcon.colcon_core.shell:Creating environment descriptor '/home/xk/study/mine_slam/src/install/autopatrol_interfaces/share/autopatrol_interfaces/hook/cmake_prefix_path.dsv'
[1.089s] INFO:colcon.colcon_core.shell:Creating environment hook '/home/xk/study/mine_slam/src/install/autopatrol_interfaces/share/autopatrol_interfaces/hook/cmake_prefix_path.sh'
[1.089s] Level 1:colcon.colcon_core.environment:checking '/home/xk/study/mine_slam/src/install/autopatrol_interfaces/bin'
[1.089s] Level 1:colcon.colcon_core.environment:checking '/home/xk/study/mine_slam/src/install/autopatrol_interfaces/lib/pkgconfig/autopatrol_interfaces.pc'
[1.089s] Level 1:colcon.colcon_core.environment:checking '/home/xk/study/mine_slam/src/install/autopatrol_interfaces/lib/python3.10/site-packages'
[1.090s] Level 1:colcon.colcon_core.environment:checking '/home/xk/study/mine_slam/src/install/autopatrol_interfaces/bin'
[1.090s] INFO:colcon.colcon_core.shell:Creating package script '/home/xk/study/mine_slam/src/install/autopatrol_interfaces/share/autopatrol_interfaces/package.ps1'
[1.090s] INFO:colcon.colcon_core.shell:Creating package descriptor '/home/xk/study/mine_slam/src/install/autopatrol_interfaces/share/autopatrol_interfaces/package.dsv'
[1.090s] INFO:colcon.colcon_core.shell:Creating package script '/home/xk/study/mine_slam/src/install/autopatrol_interfaces/share/autopatrol_interfaces/package.sh'
[1.091s] INFO:colcon.colcon_core.shell:Creating package script '/home/xk/study/mine_slam/src/install/autopatrol_interfaces/share/autopatrol_interfaces/package.bash'
[1.091s] INFO:colcon.colcon_core.shell:Creating package script '/home/xk/study/mine_slam/src/install/autopatrol_interfaces/share/autopatrol_interfaces/package.zsh'
[1.091s] Level 1:colcon.colcon_core.environment:create_file_with_runtime_dependencies(/home/xk/study/mine_slam/src/install/autopatrol_interfaces/share/colcon-core/packages/autopatrol_interfaces)
[1.091s] Level 1:colcon.colcon_core.environment:create_environment_scripts_only(autopatrol_interfaces)
[1.091s] Level 1:colcon.colcon_core.environment:checking '/home/xk/study/mine_slam/src/install/autopatrol_interfaces' for CMake module files
[1.091s] Level 1:colcon.colcon_core.environment:checking '/home/xk/study/mine_slam/src/install/autopatrol_interfaces' for CMake config files
[1.091s] Level 1:colcon.colcon_core.shell:create_environment_hook('autopatrol_interfaces', 'cmake_prefix_path')
[1.092s] INFO:colcon.colcon_core.shell:Creating environment hook '/home/xk/study/mine_slam/src/install/autopatrol_interfaces/share/autopatrol_interfaces/hook/cmake_prefix_path.ps1'
[1.092s] INFO:colcon.colcon_core.shell:Creating environment descriptor '/home/xk/study/mine_slam/src/install/autopatrol_interfaces/share/autopatrol_interfaces/hook/cmake_prefix_path.dsv'
[1.092s] INFO:colcon.colcon_core.shell:Creating environment hook '/home/xk/study/mine_slam/src/install/autopatrol_interfaces/share/autopatrol_interfaces/hook/cmake_prefix_path.sh'
[1.092s] Level 1:colcon.colcon_core.environment:checking '/home/xk/study/mine_slam/src/install/autopatrol_interfaces/bin'
[1.092s] Level 1:colcon.colcon_core.environment:checking '/home/xk/study/mine_slam/src/install/autopatrol_interfaces/lib/pkgconfig/autopatrol_interfaces.pc'
[1.092s] Level 1:colcon.colcon_core.environment:checking '/home/xk/study/mine_slam/src/install/autopatrol_interfaces/lib/python3.10/site-packages'
[1.092s] Level 1:colcon.colcon_core.environment:checking '/home/xk/study/mine_slam/src/install/autopatrol_interfaces/bin'
[1.093s] INFO:colcon.colcon_core.shell:Creating package script '/home/xk/study/mine_slam/src/install/autopatrol_interfaces/share/autopatrol_interfaces/package.ps1'
[1.093s] INFO:colcon.colcon_core.shell:Creating package descriptor '/home/xk/study/mine_slam/src/install/autopatrol_interfaces/share/autopatrol_interfaces/package.dsv'
[1.093s] INFO:colcon.colcon_core.shell:Creating package script '/home/xk/study/mine_slam/src/install/autopatrol_interfaces/share/autopatrol_interfaces/package.sh'
[1.093s] INFO:colcon.colcon_core.shell:Creating package script '/home/xk/study/mine_slam/src/install/autopatrol_interfaces/share/autopatrol_interfaces/package.bash'
[1.094s] INFO:colcon.colcon_core.shell:Creating package script '/home/xk/study/mine_slam/src/install/autopatrol_interfaces/share/autopatrol_interfaces/package.zsh'
[1.094s] Level 1:colcon.colcon_core.environment:create_file_with_runtime_dependencies(/home/xk/study/mine_slam/src/install/autopatrol_interfaces/share/colcon-core/packages/autopatrol_interfaces)
[1.094s] INFO:colcon.colcon_ros.task.ament_python.build:Building ROS package in '/home/xk/study/mine_slam/src/autopatrol_robot' with build type 'ament_python'
[1.094s] Level 1:colcon.colcon_core.shell:create_environment_hook('autopatrol_robot', 'ament_prefix_path')
[1.094s] INFO:colcon.colcon_core.shell:Creating environment hook '/home/xk/study/mine_slam/src/install/autopatrol_robot/share/autopatrol_robot/hook/ament_prefix_path.ps1'
[1.095s] INFO:colcon.colcon_core.shell:Creating environment descriptor '/home/xk/study/mine_slam/src/install/autopatrol_robot/share/autopatrol_robot/hook/ament_prefix_path.dsv'
[1.095s] INFO:colcon.colcon_core.shell:Creating environment hook '/home/xk/study/mine_slam/src/install/autopatrol_robot/share/autopatrol_robot/hook/ament_prefix_path.sh'
[1.095s] INFO:colcon.colcon_core.shell:Skip shell extension 'powershell' for command environment: Not usable outside of PowerShell
[1.095s] DEBUG:colcon.colcon_core.shell:Skip shell extension 'dsv' for command environment
[1.232s] INFO:colcon.colcon_core.task.python.build:Building Python package in '/home/xk/study/mine_slam/src/autopatrol_robot'
[1.233s] INFO:colcon.colcon_core.shell:Skip shell extension 'powershell' for command environment: Not usable outside of PowerShell
[1.233s] DEBUG:colcon.colcon_core.shell:Skip shell extension 'dsv' for command environment
[1.235s] Level 1:colcon.colcon_core.environment:create_environment_scripts_only(mine_turtlebot3_gazebo)
[1.235s] Level 1:colcon.colcon_core.environment:checking '/home/xk/study/mine_slam/src/install/mine_turtlebot3_gazebo' for CMake module files
[1.236s] DEBUG:colcon.colcon_core.event_handler.log_command:Invoked command in '/home/xk/study/mine_slam/src/build/mine_turtlebot3_gazebo' returned '0': CMAKE_PREFIX_PATH=${CMAKE_PREFIX_PATH}:/home/xk/study/mine_slam/install/autopatrol_robot:/home/xk/study/mine_slam/install/mine_aplication:/opt/ros/humble DEBUGINFOD_URLS=https://debuginfod.ubuntu.com /usr/bin/cmake --install /home/xk/study/mine_slam/src/build/mine_turtlebot3_gazebo
[1.236s] Level 1:colcon.colcon_core.environment:checking '/home/xk/study/mine_slam/src/install/mine_turtlebot3_gazebo' for CMake config files
[1.236s] Level 1:colcon.colcon_core.shell:create_environment_hook('mine_turtlebot3_gazebo', 'cmake_prefix_path')
[1.237s] INFO:colcon.colcon_core.shell:Creating environment hook '/home/xk/study/mine_slam/src/install/mine_turtlebot3_gazebo/share/mine_turtlebot3_gazebo/hook/cmake_prefix_path.ps1'
[1.237s] INFO:colcon.colcon_core.shell:Creating environment descriptor '/home/xk/study/mine_slam/src/install/mine_turtlebot3_gazebo/share/mine_turtlebot3_gazebo/hook/cmake_prefix_path.dsv'
[1.237s] INFO:colcon.colcon_core.shell:Creating environment hook '/home/xk/study/mine_slam/src/install/mine_turtlebot3_gazebo/share/mine_turtlebot3_gazebo/hook/cmake_prefix_path.sh'
[1.237s] Level 1:colcon.colcon_core.environment:checking '/home/xk/study/mine_slam/src/install/mine_turtlebot3_gazebo/bin'
[1.237s] Level 1:colcon.colcon_core.environment:checking '/home/xk/study/mine_slam/src/install/mine_turtlebot3_gazebo/lib/pkgconfig/mine_turtlebot3_gazebo.pc'
[1.237s] Level 1:colcon.colcon_core.environment:checking '/home/xk/study/mine_slam/src/install/mine_turtlebot3_gazebo/lib/python3.10/site-packages'
[1.238s] Level 1:colcon.colcon_core.environment:checking '/home/xk/study/mine_slam/src/install/mine_turtlebot3_gazebo/bin'
[1.238s] INFO:colcon.colcon_core.shell:Creating package script '/home/xk/study/mine_slam/src/install/mine_turtlebot3_gazebo/share/mine_turtlebot3_gazebo/package.ps1'
[1.238s] INFO:colcon.colcon_core.shell:Creating package descriptor '/home/xk/study/mine_slam/src/install/mine_turtlebot3_gazebo/share/mine_turtlebot3_gazebo/package.dsv'
[1.238s] INFO:colcon.colcon_core.shell:Creating package script '/home/xk/study/mine_slam/src/install/mine_turtlebot3_gazebo/share/mine_turtlebot3_gazebo/package.sh'
[1.238s] INFO:colcon.colcon_core.shell:Creating package script '/home/xk/study/mine_slam/src/install/mine_turtlebot3_gazebo/share/mine_turtlebot3_gazebo/package.bash'
[1.238s] INFO:colcon.colcon_core.shell:Creating package script '/home/xk/study/mine_slam/src/install/mine_turtlebot3_gazebo/share/mine_turtlebot3_gazebo/package.zsh'
[1.239s] Level 1:colcon.colcon_core.environment:create_file_with_runtime_dependencies(/home/xk/study/mine_slam/src/install/mine_turtlebot3_gazebo/share/colcon-core/packages/mine_turtlebot3_gazebo)
[1.239s] Level 1:colcon.colcon_core.environment:create_environment_scripts_only(mine_turtlebot3_gazebo)
[1.239s] Level 1:colcon.colcon_core.environment:checking '/home/xk/study/mine_slam/src/install/mine_turtlebot3_gazebo' for CMake module files
[1.239s] Level 1:colcon.colcon_core.environment:checking '/home/xk/study/mine_slam/src/install/mine_turtlebot3_gazebo' for CMake config files
[1.240s] Level 1:colcon.colcon_core.shell:create_environment_hook('mine_turtlebot3_gazebo', 'cmake_prefix_path')
[1.240s] INFO:colcon.colcon_core.shell:Creating environment hook '/home/xk/study/mine_slam/src/install/mine_turtlebot3_gazebo/share/mine_turtlebot3_gazebo/hook/cmake_prefix_path.ps1'
[1.240s] INFO:colcon.colcon_core.shell:Creating environment descriptor '/home/xk/study/mine_slam/src/install/mine_turtlebot3_gazebo/share/mine_turtlebot3_gazebo/hook/cmake_prefix_path.dsv'
[1.240s] INFO:colcon.colcon_core.shell:Creating environment hook '/home/xk/study/mine_slam/src/install/mine_turtlebot3_gazebo/share/mine_turtlebot3_gazebo/hook/cmake_prefix_path.sh'
[1.240s] Level 1:colcon.colcon_core.environment:checking '/home/xk/study/mine_slam/src/install/mine_turtlebot3_gazebo/bin'
[1.240s] Level 1:colcon.colcon_core.environment:checking '/home/xk/study/mine_slam/src/install/mine_turtlebot3_gazebo/lib/pkgconfig/mine_turtlebot3_gazebo.pc'
[1.240s] Level 1:colcon.colcon_core.environment:checking '/home/xk/study/mine_slam/src/install/mine_turtlebot3_gazebo/lib/python3.10/site-packages'
[1.241s] Level 1:colcon.colcon_core.environment:checking '/home/xk/study/mine_slam/src/install/mine_turtlebot3_gazebo/bin'
[1.241s] INFO:colcon.colcon_core.shell:Creating package script '/home/xk/study/mine_slam/src/install/mine_turtlebot3_gazebo/share/mine_turtlebot3_gazebo/package.ps1'
[1.241s] INFO:colcon.colcon_core.shell:Creating package descriptor '/home/xk/study/mine_slam/src/install/mine_turtlebot3_gazebo/share/mine_turtlebot3_gazebo/package.dsv'
[1.241s] INFO:colcon.colcon_core.shell:Creating package script '/home/xk/study/mine_slam/src/install/mine_turtlebot3_gazebo/share/mine_turtlebot3_gazebo/package.sh'
[1.241s] INFO:colcon.colcon_core.shell:Creating package script '/home/xk/study/mine_slam/src/install/mine_turtlebot3_gazebo/share/mine_turtlebot3_gazebo/package.bash'
[1.242s] INFO:colcon.colcon_core.shell:Creating package script '/home/xk/study/mine_slam/src/install/mine_turtlebot3_gazebo/share/mine_turtlebot3_gazebo/package.zsh'
[1.242s] Level 1:colcon.colcon_core.environment:create_file_with_runtime_dependencies(/home/xk/study/mine_slam/src/install/mine_turtlebot3_gazebo/share/colcon-core/packages/mine_turtlebot3_gazebo)
[1.420s] DEBUG:colcon.colcon_core.event_handler.log_command:Invoking command in '/home/xk/study/mine_slam/src/autopatrol_robot': AMENT_PREFIX_PATH=/home/xk/study/mine_slam/src/install/autopatrol_interfaces:${AMENT_PREFIX_PATH} CMAKE_PREFIX_PATH=/home/xk/study/mine_slam/src/install/autopatrol_interfaces:${CMAKE_PREFIX_PATH} DEBUGINFOD_URLS=https://debuginfod.ubuntu.com PYTHONPATH=/home/xk/study/mine_slam/src/build/autopatrol_robot/prefix_override:/usr/lib/python3/dist-packages/colcon_core/task/python/colcon_distutils_commands:/home/xk/study/mine_slam/src/install/autopatrol_robot/lib/python3.10/site-packages:${PYTHONPATH} /usr/bin/python3 -W ignore:setup.py install is deprecated -W ignore:easy_install command is deprecated setup.py egg_info --egg-base ../build/autopatrol_robot build --build-base /home/xk/study/mine_slam/src/build/autopatrol_robot/build install --record /home/xk/study/mine_slam/src/build/autopatrol_robot/install.log --single-version-externally-managed install_data
[1.574s] Level 1:colcon.colcon_core.environment:checking '/home/xk/study/mine_slam/src/install/autopatrol_robot' for CMake module files
[1.574s] DEBUG:colcon.colcon_core.event_handler.log_command:Invoked command in '/home/xk/study/mine_slam/src/autopatrol_robot' returned '0': AMENT_PREFIX_PATH=/home/xk/study/mine_slam/src/install/autopatrol_interfaces:${AMENT_PREFIX_PATH} CMAKE_PREFIX_PATH=/home/xk/study/mine_slam/src/install/autopatrol_interfaces:${CMAKE_PREFIX_PATH} DEBUGINFOD_URLS=https://debuginfod.ubuntu.com PYTHONPATH=/home/xk/study/mine_slam/src/build/autopatrol_robot/prefix_override:/usr/lib/python3/dist-packages/colcon_core/task/python/colcon_distutils_commands:/home/xk/study/mine_slam/src/install/autopatrol_robot/lib/python3.10/site-packages:${PYTHONPATH} /usr/bin/python3 -W ignore:setup.py install is deprecated -W ignore:easy_install command is deprecated setup.py egg_info --egg-base ../build/autopatrol_robot build --build-base /home/xk/study/mine_slam/src/build/autopatrol_robot/build install --record /home/xk/study/mine_slam/src/build/autopatrol_robot/install.log --single-version-externally-managed install_data
[1.574s] Level 1:colcon.colcon_core.environment:checking '/home/xk/study/mine_slam/src/install/autopatrol_robot' for CMake config files
[1.574s] Level 1:colcon.colcon_core.environment:checking '/home/xk/study/mine_slam/src/install/autopatrol_robot/lib'
[1.574s] Level 1:colcon.colcon_core.environment:checking '/home/xk/study/mine_slam/src/install/autopatrol_robot/bin'
[1.574s] Level 1:colcon.colcon_core.environment:checking '/home/xk/study/mine_slam/src/install/autopatrol_robot/lib/pkgconfig/autopatrol_robot.pc'
[1.574s] Level 1:colcon.colcon_core.environment:checking '/home/xk/study/mine_slam/src/install/autopatrol_robot/lib/python3.10/site-packages'
[1.574s] Level 1:colcon.colcon_core.shell:create_environment_hook('autopatrol_robot', 'pythonpath')
[1.575s] INFO:colcon.colcon_core.shell:Creating environment hook '/home/xk/study/mine_slam/src/install/autopatrol_robot/share/autopatrol_robot/hook/pythonpath.ps1'
[1.575s] INFO:colcon.colcon_core.shell:Creating environment descriptor '/home/xk/study/mine_slam/src/install/autopatrol_robot/share/autopatrol_robot/hook/pythonpath.dsv'
[1.575s] INFO:colcon.colcon_core.shell:Creating environment hook '/home/xk/study/mine_slam/src/install/autopatrol_robot/share/autopatrol_robot/hook/pythonpath.sh'
[1.576s] Level 1:colcon.colcon_core.environment:checking '/home/xk/study/mine_slam/src/install/autopatrol_robot/bin'
[1.576s] Level 1:colcon.colcon_core.environment:create_environment_scripts_only(autopatrol_robot)
[1.576s] INFO:colcon.colcon_core.shell:Creating package script '/home/xk/study/mine_slam/src/install/autopatrol_robot/share/autopatrol_robot/package.ps1'
[1.576s] INFO:colcon.colcon_core.shell:Creating package descriptor '/home/xk/study/mine_slam/src/install/autopatrol_robot/share/autopatrol_robot/package.dsv'
[1.577s] INFO:colcon.colcon_core.shell:Creating package script '/home/xk/study/mine_slam/src/install/autopatrol_robot/share/autopatrol_robot/package.sh'
[1.577s] INFO:colcon.colcon_core.shell:Creating package script '/home/xk/study/mine_slam/src/install/autopatrol_robot/share/autopatrol_robot/package.bash'
[1.577s] INFO:colcon.colcon_core.shell:Creating package script '/home/xk/study/mine_slam/src/install/autopatrol_robot/share/autopatrol_robot/package.zsh'
[1.577s] Level 1:colcon.colcon_core.environment:create_file_with_runtime_dependencies(/home/xk/study/mine_slam/src/install/autopatrol_robot/share/colcon-core/packages/autopatrol_robot)
[1.577s] DEBUG:colcon.colcon_parallel_executor.executor.parallel:closing loop
[1.577s] DEBUG:colcon.colcon_parallel_executor.executor.parallel:loop closed
[1.577s] DEBUG:colcon.colcon_parallel_executor.executor.parallel:run_until_complete finished with '0'
[1.578s] DEBUG:colcon.colcon_core.event_reactor:joining thread
[1.581s] INFO:colcon.colcon_core.plugin_system:Skipping extension 'colcon_notification.desktop_notification.terminal_notifier': Not used on non-Darwin systems
[1.581s] INFO:colcon.colcon_core.plugin_system:Skipping extension 'colcon_notification.desktop_notification.win32': Not used on non-Windows systems
[1.581s] INFO:colcon.colcon_notification.desktop_notification:Sending desktop notification using 'notify2'
[1.589s] DEBUG:colcon.colcon_core.event_reactor:joined thread
[1.589s] INFO:colcon.colcon_core.shell:Creating prefix script '/home/xk/study/mine_slam/src/install/local_setup.ps1'
[1.590s] INFO:colcon.colcon_core.shell:Creating prefix util module '/home/xk/study/mine_slam/src/install/_local_setup_util_ps1.py'
[1.591s] INFO:colcon.colcon_core.shell:Creating prefix chain script '/home/xk/study/mine_slam/src/install/setup.ps1'
[1.591s] INFO:colcon.colcon_core.shell:Creating prefix script '/home/xk/study/mine_slam/src/install/local_setup.sh'
[1.592s] INFO:colcon.colcon_core.shell:Creating prefix util module '/home/xk/study/mine_slam/src/install/_local_setup_util_sh.py'
[1.592s] INFO:colcon.colcon_core.shell:Creating prefix chain script '/home/xk/study/mine_slam/src/install/setup.sh'
[1.593s] INFO:colcon.colcon_core.shell:Creating prefix script '/home/xk/study/mine_slam/src/install/local_setup.bash'
[1.593s] INFO:colcon.colcon_core.shell:Creating prefix chain script '/home/xk/study/mine_slam/src/install/setup.bash'
[1.594s] INFO:colcon.colcon_core.shell:Creating prefix script '/home/xk/study/mine_slam/src/install/local_setup.zsh'
[1.594s] INFO:colcon.colcon_core.shell:Creating prefix chain script '/home/xk/study/mine_slam/src/install/setup.zsh'
