[0.141s] Invoking command in '/home/xk/study/mine_slam/src/build/mine_nav2': CMAKE_PREFIX_PATH=${CMAKE_PREFIX_PATH}:/home/xk/study/mine_slam/install/autopatrol_robot:/home/xk/study/mine_slam/install/mine_aplication:/opt/ros/humble DEBUGINFOD_URLS=https://debuginfod.ubuntu.com /usr/bin/cmake /home/xk/study/mine_slam/src/mine_nav2 -DCMAKE_INSTALL_PREFIX=/home/xk/study/mine_slam/src/install/mine_nav2
[0.175s] -- The C compiler identification is GNU 11.4.0
[0.235s] -- The CXX compiler identification is GNU 11.4.0
[0.239s] -- Detecting C compiler ABI info
[0.280s] -- Detecting C compiler ABI info - done
[0.284s] -- Check for working C compiler: /usr/bin/cc - skipped
[0.284s] -- Detecting C compile features
[0.285s] -- Detecting C compile features - done
[0.287s] -- Detecting CXX compiler ABI info
[0.333s] -- Detecting CXX compiler ABI info - done
[0.337s] -- Check for working CXX compiler: /usr/bin/c++ - skipped
[0.337s] -- Detecting CXX compile features
[0.337s] -- Detecting CXX compile features - done
[0.344s] -- Found ament_cmake: 1.3.12 (/opt/ros/humble/share/ament_cmake/cmake)
[0.440s] -- Found Python3: /usr/bin/python3 (found version "3.10.12") found components: Interpreter 
[0.502s] -- Found ament_lint_auto: 0.12.14 (/opt/ros/humble/share/ament_lint_auto/cmake)
[0.549s] -- Added test 'flake8' to check Python code syntax and style conventions
[0.550s] -- Added test 'lint_cmake' to check CMake code style
[0.550s] -- Added test 'pep257' to check Python code against some of the docstring style conventions in PEP 257
[0.552s] -- Added test 'xmllint' to check XML markup files
[0.552s] -- Configuring done
[0.553s] -- Generating done
[0.554s] -- Build files have been written to: /home/xk/study/mine_slam/src/build/mine_nav2
[0.556s] Invoked command in '/home/xk/study/mine_slam/src/build/mine_nav2' returned '0': CMAKE_PREFIX_PATH=${CMAKE_PREFIX_PATH}:/home/xk/study/mine_slam/install/autopatrol_robot:/home/xk/study/mine_slam/install/mine_aplication:/opt/ros/humble DEBUGINFOD_URLS=https://debuginfod.ubuntu.com /usr/bin/cmake /home/xk/study/mine_slam/src/mine_nav2 -DCMAKE_INSTALL_PREFIX=/home/xk/study/mine_slam/src/install/mine_nav2
[0.557s] Invoking command in '/home/xk/study/mine_slam/src/build/mine_nav2': CMAKE_PREFIX_PATH=${CMAKE_PREFIX_PATH}:/home/xk/study/mine_slam/install/autopatrol_robot:/home/xk/study/mine_slam/install/mine_aplication:/opt/ros/humble DEBUGINFOD_URLS=https://debuginfod.ubuntu.com /usr/bin/cmake --build /home/xk/study/mine_slam/src/build/mine_nav2 -- -j16 -l16
[0.582s] Invoked command in '/home/xk/study/mine_slam/src/build/mine_nav2' returned '0': CMAKE_PREFIX_PATH=${CMAKE_PREFIX_PATH}:/home/xk/study/mine_slam/install/autopatrol_robot:/home/xk/study/mine_slam/install/mine_aplication:/opt/ros/humble DEBUGINFOD_URLS=https://debuginfod.ubuntu.com /usr/bin/cmake --build /home/xk/study/mine_slam/src/build/mine_nav2 -- -j16 -l16
[0.583s] Invoking command in '/home/xk/study/mine_slam/src/build/mine_nav2': CMAKE_PREFIX_PATH=${CMAKE_PREFIX_PATH}:/home/xk/study/mine_slam/install/autopatrol_robot:/home/xk/study/mine_slam/install/mine_aplication:/opt/ros/humble DEBUGINFOD_URLS=https://debuginfod.ubuntu.com /usr/bin/cmake --install /home/xk/study/mine_slam/src/build/mine_nav2
[0.587s] -- Install configuration: ""
[0.587s] -- Installing: /home/xk/study/mine_slam/src/install/mine_nav2/share/mine_nav2//launch
[0.587s] -- Installing: /home/xk/study/mine_slam/src/install/mine_nav2/share/mine_nav2//launch/nav2.launch.py
[0.587s] -- Installing: /home/xk/study/mine_slam/src/install/mine_nav2/share/mine_nav2//map
[0.588s] -- Installing: /home/xk/study/mine_slam/src/install/mine_nav2/share/mine_nav2//map/room.yaml
[0.588s] -- Installing: /home/xk/study/mine_slam/src/install/mine_nav2/share/mine_nav2//map/room.pgm
[0.588s] -- Installing: /home/xk/study/mine_slam/src/install/mine_nav2/share/mine_nav2//config
[0.588s] -- Installing: /home/xk/study/mine_slam/src/install/mine_nav2/share/mine_nav2//config/nav2_params.yaml
[0.588s] -- Installing: /home/xk/study/mine_slam/src/install/mine_nav2/share/mine_nav2//rviz
[0.588s] -- Installing: /home/xk/study/mine_slam/src/install/mine_nav2/share/mine_nav2//rviz/nav2_config.rviz
[0.589s] -- Installing: /home/xk/study/mine_slam/src/install/mine_nav2/share/ament_index/resource_index/package_run_dependencies/mine_nav2
[0.589s] -- Installing: /home/xk/study/mine_slam/src/install/mine_nav2/share/ament_index/resource_index/parent_prefix_path/mine_nav2
[0.590s] -- Installing: /home/xk/study/mine_slam/src/install/mine_nav2/share/mine_nav2/environment/ament_prefix_path.sh
[0.590s] -- Installing: /home/xk/study/mine_slam/src/install/mine_nav2/share/mine_nav2/environment/ament_prefix_path.dsv
[0.590s] -- Installing: /home/xk/study/mine_slam/src/install/mine_nav2/share/mine_nav2/environment/path.sh
[0.590s] -- Installing: /home/xk/study/mine_slam/src/install/mine_nav2/share/mine_nav2/environment/path.dsv
[0.590s] -- Installing: /home/xk/study/mine_slam/src/install/mine_nav2/share/mine_nav2/local_setup.bash
[0.590s] -- Installing: /home/xk/study/mine_slam/src/install/mine_nav2/share/mine_nav2/local_setup.sh
[0.590s] -- Installing: /home/xk/study/mine_slam/src/install/mine_nav2/share/mine_nav2/local_setup.zsh
[0.590s] -- Installing: /home/xk/study/mine_slam/src/install/mine_nav2/share/mine_nav2/local_setup.dsv
[0.590s] -- Installing: /home/xk/study/mine_slam/src/install/mine_nav2/share/mine_nav2/package.dsv
[0.590s] -- Installing: /home/xk/study/mine_slam/src/install/mine_nav2/share/ament_index/resource_index/packages/mine_nav2
[0.590s] -- Installing: /home/xk/study/mine_slam/src/install/mine_nav2/share/mine_nav2/cmake/mine_nav2Config.cmake
[0.590s] -- Installing: /home/xk/study/mine_slam/src/install/mine_nav2/share/mine_nav2/cmake/mine_nav2Config-version.cmake
[0.590s] -- Installing: /home/xk/study/mine_slam/src/install/mine_nav2/share/mine_nav2/package.xml
[0.592s] Invoked command in '/home/xk/study/mine_slam/src/build/mine_nav2' returned '0': CMAKE_PREFIX_PATH=${CMAKE_PREFIX_PATH}:/home/xk/study/mine_slam/install/autopatrol_robot:/home/xk/study/mine_slam/install/mine_aplication:/opt/ros/humble DEBUGINFOD_URLS=https://debuginfod.ubuntu.com /usr/bin/cmake --install /home/xk/study/mine_slam/src/build/mine_nav2
